# ca-GrQc 4158 13428 20 0
1 0
2 1
3 0
4 0
5 1
6 1
7 0
8 0
9 1
10 1
11 0
12 1
13 1
14 0
15 1
16 1
17 0
18 0
19 0
20 1
21 0
22 1
23 1
24 1
25 0
26 0
27 1
28 1
29 1
30 1
31 0
32 0
33 1
34 0
35 1
36 0
37 0
38 0
39 0
40 1
41 1
42 1
43 1
44 0
45 1
46 1
47 0
48 1
49 0
50 0
51 0
52 1
53 1
54 0
55 0
56 1
57 0
58 0
59 1
60 0
61 0
62 0
63 0
64 1
65 0
66 1
67 0
68 0
69 0
70 0
71 1
72 1
73 1
74 1
75 1
76 0
77 1
78 0
79 0
80 1
81 1
82 1
83 1
84 1
85 0
86 0
87 0
88 0
89 0
90 0
91 1
92 0
93 1
94 0
95 1
96 0
97 0
98 1
99 1
100 0
101 1
102 0
103 1
104 0
105 0
106 1
107 1
108 1
109 0
110 1
111 1
112 1
113 0
114 1
115 0
116 0
117 1
118 1
119 1
120 0
121 0
122 1
123 0
124 0
125 1
126 0
127 1
128 1
129 1
130 1
131 0
132 0
133 0
134 0
135 0
136 0
137 0
138 1
139 1
140 1
141 1
142 0
143 0
144 1
145 1
146 0
147 0
148 0
149 1
150 0
151 0
152 1
153 1
154 1
155 1
156 0
157 1
158 0
159 0
160 1
161 0
162 1
163 0
164 1
165 1
166 1
167 1
168 0
169 0
170 0
171 1
172 1
173 1
174 1
175 0
176 0
177 0
178 0
179 1
180 1
181 0
182 1
183 0
184 1
185 1
186 0
187 0
188 1
189 0
190 1
191 0
192 0
193 0
194 1
195 0
196 1
197 1
198 1
199 0
200 0
201 1
202 1
203 1
204 1
205 1
206 0
207 0
208 0
209 1
210 0
211 0
212 1
213 0
214 1
215 0
216 1
217 0
218 1
219 1
220 1
221 0
222 1
223 0
224 0
225 1
226 1
227 1
228 0
229 0
230 1
231 0
232 1
233 1
234 1
235 1
236 1
237 0
238 1
239 0
240 0
241 0
242 1
243 0
244 0
245 0
246 1
247 0
248 0
249 0
250 0
251 0
252 1
253 0
254 1
255 1
256 0
257 1
258 0
259 1
260 0
261 0
262 0
263 1
264 1
265 0
266 0
267 0
268 0
269 1
270 1
271 0
272 1
273 0
274 1
275 1
276 0
277 1
278 0
279 0
280 0
281 1
282 1
283 1
284 0
285 0
286 1
287 0
288 1
289 0
290 0
291 0
292 1
293 1
294 1
295 0
296 0
297 1
298 1
299 1
300 1
301 1
302 0
303 0
304 0
305 1
306 0
307 1
308 0
309 0
310 1
311 1
312 0
313 1
314 0
315 1
316 0
317 1
318 0
319 0
320 0
321 0
322 0
323 0
324 0
325 1
326 1
327 1
328 1
329 0
330 1
331 1
332 1
333 1
334 0
335 1
336 0
337 0
338 0
339 0
340 1
341 1
342 0
343 0
344 0
345 0
346 0
347 1
348 0
349 0
350 1
351 0
352 1
353 1
354 0
355 1
356 1
357 1
358 0
359 1
360 1
361 0
362 1
363 1
364 1
365 1
366 1
367 0
368 0
369 1
370 1
371 1
372 0
373 0
374 1
375 1
376 1
377 1
378 0
379 1
380 0
381 1
382 1
383 1
384 1
385 1
386 1
387 0
388 1
389 1
390 0
391 1
392 1
393 0
394 0
395 0
396 1
397 0
398 0
399 0
400 0
401 1
402 0
403 0
404 0
405 0
406 0
407 1
408 0
409 1
410 0
411 1
412 1
413 0
414 0
415 0
416 0
417 0
418 0
419 0
420 0
421 0
422 1
423 1
424 1
425 0
426 1
427 1
428 1
429 1
430 1
431 1
432 0
433 1
434 1
435 1
436 1
437 0
438 0
439 1
440 1
441 1
442 0
443 1
444 0
445 1
446 0
447 0
448 1
449 0
450 0
451 0
452 0
453 0
454 0
455 1
456 0
457 1
458 1
459 1
460 0
461 0
462 0
463 1
464 0
465 0
466 0
467 1
468 0
469 0
470 1
471 0
472 1
473 0
474 1
475 1
476 0
477 1
478 1
479 0
480 1
481 0
482 1
483 0
484 1
485 1
486 1
487 0
488 1
489 0
490 1
491 1
492 1
493 0
494 1
495 0
496 0
497 1
498 0
499 0
500 1
501 0
502 1
503 1
504 1
505 1
506 1
507 0
508 0
509 1
510 1
511 1
512 0
513 0
514 0
515 0
516 1
517 0
518 1
519 1
520 1
521 1
522 0
523 0
524 0
525 0
526 0
527 0
528 0
529 1
530 0
531 1
532 0
533 0
534 0
535 1
536 1
537 0
538 0
539 0
540 1
541 1
542 1
543 0
544 0
545 0
546 1
547 0
548 1
549 0
550 1
551 1
552 0
553 0
554 1
555 0
556 0
557 1
558 0
559 0
560 0
561 0
562 1
563 0
564 1
565 1
566 0
567 0
568 1
569 1
570 1
571 1
572 0
573 0
574 0
575 1
576 0
577 0
578 1
579 0
580 1
581 1
582 0
583 0
584 1
585 1
586 1
587 0
588 0
589 1
590 1
591 0
592 0
593 0
594 1
595 1
596 1
597 0
598 0
599 1
600 1
601 0
602 0
603 0
604 0
605 1
606 1
607 0
608 0
609 0
610 1
611 1
612 0
613 1
614 1
615 1
616 1
617 0
618 1
619 1
620 0
621 1
622 1
623 0
624 0
625 1
626 1
627 1
628 1
629 0
630 0
631 0
632 0
633 0
634 0
635 0
636 0
637 0
638 1
639 0
640 1
641 0
642 1
643 1
644 0
645 1
646 1
647 1
648 1
649 0
650 1
651 1
652 1
653 1
654 0
655 1
656 0
657 0
658 1
659 0
660 1
661 0
662 1
663 1
664 0
665 0
666 1
667 1
668 1
669 0
670 1
671 0
672 0
673 0
674 0
675 0
676 1
677 1
678 0
679 0
680 0
681 0
682 1
683 0
684 0
685 0
686 0
687 1
688 0
689 0
690 0
691 0
692 0
693 1
694 0
695 0
696 1
697 1
698 0
699 1
700 1
701 1
702 1
703 0
704 1
705 1
706 0
707 0
708 1
709 0
710 0
711 1
712 0
713 1
714 1
715 1
716 1
717 0
718 0
719 1
720 0
721 0
722 0
723 1
724 1
725 1
726 0
727 1
728 0
729 1
730 0
731 1
732 0
733 0
734 1
735 1
736 0
737 0
738 0
739 0
740 1
741 1
742 1
743 1
744 0
745 1
746 0
747 0
748 0
749 0
750 1
751 1
752 1
753 0
754 1
755 1
756 0
757 1
758 1
759 1
760 0
761 0
762 0
763 0
764 1
765 1
766 0
767 0
768 1
769 1
770 1
771 0
772 1
773 0
774 1
775 0
776 0
777 0
778 0
779 1
780 1
781 1
782 0
783 0
784 1
785 1
786 0
787 1
788 1
789 1
790 1
791 0
792 1
793 0
794 1
795 1
796 0
797 1
798 0
799 1
800 0
801 0
802 1
803 0
804 1
805 0
806 0
807 1
808 1
809 0
810 1
811 1
812 0
813 1
814 0
815 1
816 0
817 0
818 0
819 0
820 1
821 0
822 0
823 0
824 0
825 1
826 1
827 0
828 0
829 1
830 0
831 0
832 1
833 1
834 1
835 1
836 1
837 0
838 1
839 1
840 1
841 0
842 0
843 0
844 1
845 0
846 1
847 1
848 0
849 1
850 1
851 0
852 1
853 0
854 0
855 0
856 1
857 1
858 0
859 1
860 1
861 1
862 0
863 0
864 0
865 0
866 0
867 0
868 0
869 1
870 1
871 1
872 0
873 0
874 0
875 0
876 0
877 1
878 1
879 1
880 0
881 1
882 1
883 1
884 0
885 0
886 0
887 1
888 0
889 1
890 1
891 1
892 0
893 1
894 1
895 1
896 1
897 0
898 0
899 1
900 0
901 0
902 1
903 1
904 1
905 0
906 0
907 0
908 1
909 1
910 1
911 1
912 0
913 0
914 0
915 0
916 1
917 0
918 1
919 1
920 0
921 0
922 1
923 1
924 0
925 1
926 0
927 1
928 1
929 1
930 1
931 0
932 0
933 1
934 1
935 0
936 0
937 1
938 1
939 1
940 0
941 0
942 1
943 0
944 0
945 1
946 0
947 1
948 1
949 0
950 0
951 1
952 0
953 1
954 0
955 1
956 0
957 1
958 1
959 0
960 1
961 1
962 0
963 1
964 1
965 1
966 0
967 1
968 1
969 1
970 0
971 1
972 0
973 0
974 0
975 1
976 0
977 0
978 0
979 1
980 0
981 0
982 0
983 1
984 1
985 1
986 1
987 0
988 1
989 0
990 0
991 0
992 0
993 1
994 0
995 0
996 1
997 1
998 0
999 0
1000 0
1001 1
1002 1
1003 1
1004 0
1005 1
1006 0
1007 0
1008 1
1009 0
1010 1
1011 1
1012 0
1013 0
1014 1
1015 0
1016 1
1017 0
1018 0
1019 0
1020 1
1021 1
1022 0
1023 0
1024 1
1025 0
1026 1
1027 1
1028 0
1029 0
1030 0
1031 1
1032 1
1033 0
1034 0
1035 1
1036 1
1037 1
1038 0
1039 0
1040 1
1041 1
1042 0
1043 1
1044 0
1045 1
1046 0
1047 1
1048 1
1049 1
1050 1
1051 1
1052 0
1053 0
1054 1
1055 0
1056 1
1057 0
1058 1
1059 0
1060 0
1061 1
1062 0
1063 0
1064 0
1065 0
1066 1
1067 1
1068 1
1069 1
1070 1
1071 1
1072 1
1073 0
1074 1
1075 1
1076 1
1077 1
1078 1
1079 0
1080 0
1081 1
1082 1
1083 1
1084 0
1085 0
1086 0
1087 1
1088 1
1089 0
1090 0
1091 1
1092 0
1093 0
1094 1
1095 0
1096 1
1097 1
1098 0
1099 0
1100 1
1101 1
1102 1
1103 0
1104 1
1105 1
1106 1
1107 1
1108 1
1109 1
1110 0
1111 1
1112 0
1113 0
1114 0
1115 1
1116 1
1117 1
1118 0
1119 1
1120 0
1121 0
1122 0
1123 0
1124 0
1125 1
1126 1
1127 1
1128 0
1129 1
1130 0
1131 0
1132 0
1133 1
1134 1
1135 0
1136 1
1137 0
1138 0
1139 1
1140 0
1141 0
1142 0
1143 1
1144 0
1145 1
1146 1
1147 1
1148 0
1149 1
1150 0
1151 0
1152 0
1153 1
1154 1
1155 1
1156 0
1157 1
1158 0
1159 0
1160 1
1161 0
1162 0
1163 0
1164 1
1165 0
1166 1
1167 0
1168 0
1169 0
1170 1
1171 1
1172 1
1173 1
1174 0
1175 1
1176 0
1177 0
1178 1
1179 0
1180 1
1181 0
1182 0
1183 0
1184 0
1185 1
1186 1
1187 0
1188 1
1189 1
1190 1
1191 1
1192 0
1193 0
1194 0
1195 0
1196 0
1197 1
1198 1
1199 1
1200 0
1201 1
1202 0
1203 1
1204 0
1205 1
1206 0
1207 0
1208 1
1209 0
1210 0
1211 1
1212 1
1213 1
1214 0
1215 0
1216 0
1217 1
1218 1
1219 0
1220 0
1221 1
1222 1
1223 0
1224 0
1225 0
1226 1
1227 0
1228 1
1229 0
1230 1
1231 0
1232 0
1233 0
1234 0
1235 1
1236 0
1237 0
1238 1
1239 0
1240 1
1241 0
1242 0
1243 1
1244 1
1245 0
1246 1
1247 0
1248 0
1249 1
1250 1
1251 0
1252 0
1253 1
1254 0
1255 1
1256 1
1257 1
1258 0
1259 1
1260 0
1261 0
1262 0
1263 0
1264 0
1265 1
1266 1
1267 0
1268 0
1269 1
1270 1
1271 0
1272 0
1273 1
1274 0
1275 0
1276 1
1277 1
1278 0
1279 1
1280 0
1281 0
1282 1
1283 0
1284 1
1285 1
1286 1
1287 1
1288 0
1289 1
1290 0
1291 1
1292 0
1293 1
1294 1
1295 0
1296 1
1297 1
1298 0
1299 1
1300 0
1301 1
1302 1
1303 1
1304 1
1305 1
1306 0
1307 0
1308 0
1309 1
1310 0
1311 0
1312 1
1313 0
1314 0
1315 1
1316 1
1317 1
1318 1
1319 0
1320 0
1321 0
1322 1
1323 0
1324 1
1325 0
1326 1
1327 1
1328 1
1329 1
1330 0
1331 0
1332 1
1333 1
1334 1
1335 0
1336 0
1337 0
1338 1
1339 1
1340 0
1341 0
1342 1
1343 0
1344 1
1345 0
1346 1
1347 0
1348 1
1349 0
1350 0
1351 1
1352 0
1353 0
1354 1
1355 1
1356 1
1357 0
1358 1
1359 1
1360 1
1361 0
1362 0
1363 0
1364 1
1365 1
1366 1
1367 1
1368 0
1369 1
1370 1
1371 1
1372 0
1373 1
1374 1
1375 0
1376 1
1377 1
1378 1
1379 1
1380 0
1381 1
1382 0
1383 0
1384 1
1385 0
1386 1
1387 0
1388 0
1389 1
1390 0
1391 0
1392 1
1393 1
1394 0
1395 1
1396 1
1397 0
1398 0
1399 0
1400 1
1401 0
1402 0
1403 0
1404 1
1405 0
1406 1
1407 0
1408 1
1409 0
1410 1
1411 0
1412 0
1413 0
1414 0
1415 1
1416 1
1417 0
1418 0
1419 0
1420 0
1421 1
1422 0
1423 0
1424 0
1425 1
1426 0
1427 0
1428 1
1429 1
1430 1
1431 0
1432 1
1433 0
1434 1
1435 1
1436 0
1437 0
1438 0
1439 1
1440 0
1441 0
1442 1
1443 1
1444 0
1445 1
1446 0
1447 0
1448 0
1449 0
1450 1
1451 0
1452 1
1453 0
1454 1
1455 0
1456 1
1457 0
1458 1
1459 1
1460 1
1461 0
1462 0
1463 1
1464 0
1465 1
1466 1
1467 0
1468 0
1469 0
1470 1
1471 1
1472 1
1473 1
1474 0
1475 1
1476 0
1477 1
1478 0
1479 1
1480 1
1481 1
1482 1
1483 1
1484 0
1485 0
1486 0
1487 0
1488 1
1489 0
1490 0
1491 1
1492 1
1493 0
1494 1
1495 0
1496 1
1497 1
1498 0
1499 0
1500 1
1501 1
1502 0
1503 1
1504 1
1505 1
1506 1
1507 0
1508 1
1509 0
1510 0
1511 0
1512 1
1513 1
1514 0
1515 0
1516 1
1517 1
1518 1
1519 1
1520 1
1521 0
1522 0
1523 1
1524 0
1525 0
1526 1
1527 1
1528 1
1529 0
1530 1
1531 1
1532 0
1533 0
1534 1
1535 1
1536 0
1537 1
1538 0
1539 0
1540 1
1541 1
1542 0
1543 0
1544 0
1545 1
1546 1
1547 0
1548 0
1549 0
1550 1
1551 1
1552 0
1553 0
1554 0
1555 0
1556 0
1557 1
1558 1
1559 0
1560 1
1561 1
1562 1
1563 1
1564 0
1565 0
1566 1
1567 1
1568 1
1569 1
1570 0
1571 0
1572 1
1573 1
1574 1
1575 1
1576 1
1577 1
1578 1
1579 1
1580 0
1581 0
1582 1
1583 1
1584 1
1585 1
1586 0
1587 0
1588 1
1589 1
1590 1
1591 0
1592 1
1593 1
1594 0
1595 1
1596 1
1597 1
1598 1
1599 0
1600 0
1601 1
1602 0
1603 0
1604 0
1605 1
1606 0
1607 0
1608 1
1609 0
1610 1
1611 1
1612 1
1613 1
1614 0
1615 0
1616 0
1617 0
1618 0
1619 1
1620 1
1621 1
1622 0
1623 1
1624 0
1625 0
1626 0
1627 0
1628 0
1629 0
1630 1
1631 1
1632 0
1633 0
1634 0
1635 0
1636 0
1637 1
1638 1
1639 1
1640 1
1641 1
1642 1
1643 1
1644 1
1645 1
1646 1
1647 1
1648 0
1649 0
1650 0
1651 1
1652 1
1653 0
1654 1
1655 0
1656 0
1657 1
1658 1
1659 1
1660 1
1661 0
1662 1
1663 1
1664 0
1665 1
1666 1
1667 0
1668 1
1669 0
1670 0
1671 0
1672 1
1673 1
1674 0
1675 0
1676 1
1677 0
1678 1
1679 1
1680 0
1681 1
1682 1
1683 1
1684 1
1685 0
1686 1
1687 1
1688 0
1689 1
1690 0
1691 0
1692 1
1693 0
1694 0
1695 1
1696 1
1697 1
1698 0
1699 0
1700 1
1701 0
1702 0
1703 0
1704 0
1705 1
1706 1
1707 1
1708 1
1709 0
1710 1
1711 1
1712 0
1713 1
1714 1
1715 1
1716 1
1717 1
1718 1
1719 1
1720 0
1721 0
1722 1
1723 1
1724 0
1725 0
1726 0
1727 1
1728 0
1729 0
1730 0
1731 0
1732 1
1733 0
1734 0
1735 1
1736 1
1737 1
1738 0
1739 0
1740 1
1741 0
1742 0
1743 1
1744 1
1745 0
1746 1
1747 1
1748 0
1749 0
1750 0
1751 0
1752 1
1753 1
1754 1
1755 1
1756 1
1757 0
1758 1
1759 1
1760 1
1761 0
1762 1
1763 1
1764 0
1765 0
1766 1
1767 1
1768 0
1769 0
1770 0
1771 1
1772 0
1773 0
1774 1
1775 1
1776 1
1777 0
1778 1
1779 1
1780 1
1781 0
1782 1
1783 0
1784 0
1785 0
1786 0
1787 1
1788 0
1789 0
1790 1
1791 0
1792 1
1793 1
1794 0
1795 1
1796 1
1797 1
1798 1
1799 1
1800 1
1801 0
1802 1
1803 1
1804 0
1805 0
1806 0
1807 0
1808 1
1809 1
1810 1
1811 0
1812 1
1813 0
1814 1
1815 0
1816 1
1817 0
1818 1
1819 0
1820 0
1821 1
1822 1
1823 0
1824 1
1825 0
1826 1
1827 0
1828 0
1829 1
1830 1
1831 0
1832 0
1833 0
1834 1
1835 1
1836 0
1837 1
1838 1
1839 0
1840 0
1841 1
1842 1
1843 1
1844 0
1845 0
1846 1
1847 0
1848 0
1849 0
1850 0
1851 0
1852 0
1853 1
1854 0
1855 1
1856 0
1857 1
1858 1
1859 0
1860 1
1861 0
1862 1
1863 1
1864 1
1865 1
1866 1
1867 0
1868 1
1869 0
1870 0
1871 0
1872 0
1873 1
1874 1
1875 1
1876 0
1877 1
1878 1
1879 1
1880 1
1881 1
1882 0
1883 1
1884 0
1885 0
1886 1
1887 0
1888 1
1889 0
1890 0
1891 0
1892 0
1893 0
1894 1
1895 1
1896 1
1897 1
1898 1
1899 1
1900 1
1901 1
1902 1
1903 0
1904 1
1905 0
1906 0
1907 0
1908 1
1909 1
1910 1
1911 0
1912 0
1913 0
1914 0
1915 1
1916 0
1917 0
1918 1
1919 1
1920 0
1921 1
1922 0
1923 0
1924 0
1925 0
1926 0
1927 0
1928 1
1929 1
1930 0
1931 0
1932 1
1933 1
1934 1
1935 1
1936 0
1937 0
1938 1
1939 0
1940 0
1941 0
1942 1
1943 0
1944 1
1945 0
1946 0
1947 0
1948 1
1949 1
1950 1
1951 0
1952 0
1953 1
1954 1
1955 1
1956 1
1957 0
1958 0
1959 0
1960 1
1961 0
1962 0
1963 0
1964 1
1965 1
1966 0
1967 1
1968 1
1969 1
1970 1
1971 0
1972 1
1973 1
1974 0
1975 1
1976 1
1977 0
1978 0
1979 1
1980 0
1981 1
1982 0
1983 1
1984 0
1985 0
1986 1
1987 1
1988 0
1989 1
1990 1
1991 1
1992 1
1993 1
1994 1
1995 1
1996 1
1997 1
1998 1
1999 1
2000 0
2001 0
2002 1
2003 0
2004 0
2005 0
2006 0
2007 1
2008 0
2009 1
2010 1
2011 1
2012 1
2013 1
2014 1
2015 0
2016 1
2017 1
2018 0
2019 1
2020 1
2021 0
2022 0
2023 0
2024 0
2025 1
2026 1
2027 1
2028 1
2029 1
2030 1
2031 1
2032 0
2033 0
2034 1
2035 0
2036 0
2037 0
2038 0
2039 0
2040 0
2041 1
2042 0
2043 1
2044 0
2045 0
2046 0
2047 0
2048 1
2049 0
2050 1
2051 0
2052 0
2053 1
2054 0
2055 0
2056 0
2057 1
2058 0
2059 0
2060 0
2061 1
2062 0
2063 0
2064 0
2065 0
2066 0
2067 0
2068 1
2069 1
2070 1
2071 1
2072 0
2073 1
2074 0
2075 1
2076 1
2077 1
2078 1
2079 0
2080 0
2081 0
2082 0
2083 0
2084 0
2085 1
2086 1
2087 0
2088 1
2089 0
2090 1
2091 0
2092 0
2093 1
2094 1
2095 1
2096 0
2097 1
2098 1
2099 1
2100 0
2101 0
2102 1
2103 1
2104 0
2105 1
2106 1
2107 0
2108 0
2109 0
2110 1
2111 0
2112 0
2113 1
2114 0
2115 0
2116 1
2117 0
2118 1
2119 1
2120 1
2121 0
2122 1
2123 0
2124 0
2125 1
2126 0
2127 0
2128 0
2129 0
2130 0
2131 0
2132 0
2133 1
2134 1
2135 0
2136 0
2137 1
2138 1
2139 0
2140 1
2141 0
2142 1
2143 1
2144 1
2145 1
2146 0
2147 0
2148 1
2149 1
2150 1
2151 1
2152 1
2153 0
2154 1
2155 0
2156 1
2157 1
2158 0
2159 1
2160 1
2161 0
2162 1
2163 1
2164 0
2165 0
2166 1
2167 1
2168 1
2169 0
2170 1
2171 0
2172 0
2173 0
2174 0
2175 1
2176 1
2177 0
2178 0
2179 1
2180 1
2181 1
2182 0
2183 0
2184 0
2185 1
2186 1
2187 0
2188 0
2189 1
2190 1
2191 0
2192 1
2193 0
2194 1
2195 0
2196 1
2197 0
2198 0
2199 1
2200 0
2201 0
2202 1
2203 1
2204 1
2205 1
2206 0
2207 1
2208 0
2209 1
2210 0
2211 1
2212 0
2213 1
2214 0
2215 0
2216 1
2217 0
2218 1
2219 1
2220 1
2221 0
2222 1
2223 0
2224 0
2225 0
2226 0
2227 1
2228 0
2229 1
2230 0
2231 1
2232 1
2233 1
2234 0
2235 0
2236 1
2237 0
2238 0
2239 0
2240 0
2241 0
2242 0
2243 1
2244 0
2245 0
2246 0
2247 1
2248 1
2249 1
2250 0
2251 0
2252 0
2253 1
2254 1
2255 1
2256 0
2257 1
2258 1
2259 0
2260 0
2261 0
2262 0
2263 1
2264 0
2265 0
2266 1
2267 1
2268 1
2269 1
2270 0
2271 0
2272 0
2273 0
2274 1
2275 0
2276 0
2277 0
2278 0
2279 1
2280 1
2281 0
2282 1
2283 0
2284 0
2285 0
2286 1
2287 0
2288 1
2289 0
2290 0
2291 0
2292 0
2293 0
2294 1
2295 1
2296 1
2297 0
2298 1
2299 1
2300 1
2301 0
2302 0
2303 1
2304 0
2305 0
2306 0
2307 1
2308 0
2309 0
2310 1
2311 0
2312 1
2313 1
2314 1
2315 1
2316 0
2317 0
2318 0
2319 1
2320 1
2321 0
2322 0
2323 0
2324 0
2325 0
2326 0
2327 1
2328 0
2329 1
2330 0
2331 1
2332 1
2333 1
2334 0
2335 0
2336 0
2337 0
2338 0
2339 1
2340 0
2341 0
2342 0
2343 1
2344 0
2345 1
2346 0
2347 1
2348 1
2349 0
2350 1
2351 0
2352 0
2353 0
2354 0
2355 0
2356 0
2357 1
2358 1
2359 0
2360 1
2361 1
2362 1
2363 1
2364 0
2365 0
2366 1
2367 1
2368 1
2369 0
2370 1
2371 0
2372 0
2373 0
2374 0
2375 0
2376 0
2377 0
2378 0
2379 0
2380 1
2381 0
2382 1
2383 0
2384 0
2385 0
2386 1
2387 0
2388 0
2389 1
2390 0
2391 0
2392 0
2393 0
2394 1
2395 1
2396 0
2397 1
2398 0
2399 1
2400 1
2401 0
2402 1
2403 0
2404 0
2405 0
2406 1
2407 1
2408 1
2409 0
2410 1
2411 1
2412 0
2413 0
2414 1
2415 0
2416 0
2417 1
2418 0
2419 1
2420 0
2421 1
2422 1
2423 0
2424 1
2425 1
2426 1
2427 0
2428 0
2429 0
2430 0
2431 0
2432 1
2433 1
2434 1
2435 0
2436 0
2437 1
2438 1
2439 1
2440 1
2441 1
2442 1
2443 0
2444 1
2445 0
2446 1
2447 1
2448 0
2449 1
2450 1
2451 0
2452 0
2453 0
2454 0
2455 0
2456 0
2457 0
2458 0
2459 1
2460 1
2461 1
2462 0
2463 1
2464 1
2465 0
2466 0
2467 0
2468 0
2469 0
2470 1
2471 0
2472 0
2473 0
2474 1
2475 0
2476 0
2477 1
2478 1
2479 0
2480 0
2481 0
2482 0
2483 0
2484 1
2485 1
2486 1
2487 1
2488 1
2489 1
2490 0
2491 1
2492 1
2493 0
2494 1
2495 1
2496 1
2497 1
2498 1
2499 0
2500 1
2501 1
2502 0
2503 1
2504 1
2505 0
2506 0
2507 1
2508 0
2509 0
2510 0
2511 0
2512 0
2513 0
2514 0
2515 1
2516 1
2517 1
2518 0
2519 1
2520 1
2521 0
2522 0
2523 1
2524 0
2525 1
2526 0
2527 0
2528 1
2529 1
2530 1
2531 1
2532 1
2533 0
2534 1
2535 1
2536 1
2537 1
2538 1
2539 0
2540 1
2541 0
2542 0
2543 0
2544 0
2545 0
2546 1
2547 1
2548 0
2549 1
2550 1
2551 0
2552 0
2553 0
2554 0
2555 0
2556 1
2557 1
2558 1
2559 1
2560 0
2561 1
2562 1
2563 0
2564 0
2565 0
2566 0
2567 1
2568 0
2569 1
2570 0
2571 0
2572 0
2573 0
2574 1
2575 1
2576 1
2577 0
2578 0
2579 1
2580 0
2581 0
2582 0
2583 1
2584 0
2585 0
2586 1
2587 0
2588 0
2589 0
2590 0
2591 0
2592 0
2593 1
2594 0
2595 1
2596 0
2597 1
2598 1
2599 1
2600 1
2601 1
2602 0
2603 0
2604 1
2605 1
2606 0
2607 1
2608 1
2609 1
2610 0
2611 1
2612 0
2613 1
2614 0
2615 0
2616 1
2617 0
2618 1
2619 1
2620 0
2621 0
2622 1
2623 1
2624 1
2625 1
2626 0
2627 0
2628 1
2629 1
2630 1
2631 1
2632 0
2633 1
2634 0
2635 1
2636 1
2637 1
2638 0
2639 0
2640 1
2641 0
2642 0
2643 1
2644 0
2645 1
2646 1
2647 1
2648 0
2649 0
2650 0
2651 0
2652 0
2653 0
2654 0
2655 0
2656 0
2657 1
2658 0
2659 0
2660 0
2661 1
2662 0
2663 1
2664 1
2665 0
2666 1
2667 0
2668 0
2669 0
2670 0
2671 1
2672 0
2673 0
2674 0
2675 1
2676 0
2677 1
2678 0
2679 0
2680 1
2681 0
2682 0
2683 0
2684 0
2685 0
2686 0
2687 1
2688 1
2689 0
2690 0
2691 1
2692 1
2693 1
2694 0
2695 1
2696 0
2697 1
2698 1
2699 1
2700 0
2701 0
2702 0
2703 1
2704 1
2705 0
2706 1
2707 0
2708 1
2709 1
2710 0
2711 1
2712 0
2713 1
2714 0
2715 0
2716 0
2717 0
2718 1
2719 1
2720 0
2721 1
2722 0
2723 0
2724 0
2725 0
2726 0
2727 0
2728 1
2729 0
2730 0
2731 0
2732 1
2733 0
2734 1
2735 1
2736 0
2737 1
2738 1
2739 0
2740 1
2741 0
2742 1
2743 1
2744 1
2745 1
2746 1
2747 0
2748 1
2749 0
2750 1
2751 1
2752 1
2753 1
2754 0
2755 1
2756 1
2757 1
2758 0
2759 0
2760 0
2761 1
2762 0
2763 0
2764 1
2765 1
2766 0
2767 1
2768 1
2769 0
2770 1
2771 0
2772 1
2773 1
2774 0
2775 0
2776 0
2777 1
2778 1
2779 1
2780 0
2781 0
2782 0
2783 1
2784 1
2785 1
2786 0
2787 0
2788 1
2789 1
2790 0
2791 0
2792 0
2793 1
2794 0
2795 0
2796 0
2797 1
2798 0
2799 0
2800 1
2801 0
2802 1
2803 0
2804 1
2805 0
2806 1
2807 0
2808 1
2809 1
2810 1
2811 1
2812 0
2813 0
2814 1
2815 1
2816 0
2817 1
2818 0
2819 1
2820 0
2821 1
2822 1
2823 1
2824 0
2825 0
2826 1
2827 0
2828 0
2829 0
2830 1
2831 0
2832 0
2833 1
2834 1
2835 1
2836 0
2837 0
2838 1
2839 0
2840 0
2841 0
2842 1
2843 0
2844 0
2845 0
2846 1
2847 1
2848 1
2849 0
2850 0
2851 1
2852 0
2853 1
2854 1
2855 0
2856 0
2857 1
2858 1
2859 1
2860 0
2861 0
2862 0
2863 0
2864 1
2865 0
2866 1
2867 1
2868 0
2869 0
2870 1
2871 1
2872 0
2873 1
2874 0
2875 1
2876 0
2877 0
2878 0
2879 1
2880 0
2881 1
2882 1
2883 1
2884 1
2885 1
2886 0
2887 1
2888 1
2889 1
2890 0
2891 1
2892 0
2893 0
2894 1
2895 1
2896 1
2897 0
2898 0
2899 1
2900 0
2901 0
2902 0
2903 0
2904 0
2905 1
2906 1
2907 1
2908 1
2909 1
2910 1
2911 1
2912 0
2913 0
2914 0
2915 1
2916 1
2917 0
2918 0
2919 1
2920 0
2921 0
2922 0
2923 1
2924 1
2925 0
2926 1
2927 0
2928 1
2929 1
2930 0
2931 0
2932 0
2933 1
2934 0
2935 1
2936 1
2937 1
2938 0
2939 0
2940 0
2941 1
2942 1
2943 0
2944 0
2945 0
2946 1
2947 0
2948 0
2949 1
2950 1
2951 0
2952 0
2953 1
2954 1
2955 1
2956 0
2957 0
2958 1
2959 0
2960 1
2961 0
2962 0
2963 1
2964 0
2965 1
2966 0
2967 1
2968 1
2969 1
2970 0
2971 1
2972 0
2973 1
2974 1
2975 1
2976 1
2977 0
2978 0
2979 1
2980 0
2981 1
2982 1
2983 1
2984 0
2985 0
2986 0
2987 0
2988 1
2989 0
2990 0
2991 1
2992 0
2993 1
2994 1
2995 1
2996 0
2997 1
2998 0
2999 0
3000 0
3001 1
3002 1
3003 1
3004 0
3005 0
3006 1
3007 0
3008 1
3009 1
3010 0
3011 0
3012 0
3013 0
3014 0
3015 0
3016 1
3017 1
3018 1
3019 1
3020 1
3021 1
3022 0
3023 0
3024 1
3025 0
3026 0
3027 0
3028 1
3029 0
3030 0
3031 1
3032 0
3033 1
3034 1
3035 0
3036 0
3037 0
3038 0
3039 1
3040 1
3041 1
3042 1
3043 0
3044 1
3045 0
3046 0
3047 1
3048 0
3049 0
3050 1
3051 0
3052 1
3053 0
3054 0
3055 1
3056 0
3057 1
3058 0
3059 1
3060 1
3061 0
3062 0
3063 0
3064 1
3065 1
3066 0
3067 0
3068 1
3069 0
3070 0
3071 0
3072 0
3073 1
3074 0
3075 0
3076 0
3077 0
3078 0
3079 1
3080 1
3081 0
3082 1
3083 0
3084 0
3085 1
3086 1
3087 0
3088 0
3089 0
3090 0
3091 1
3092 1
3093 0
3094 0
3095 1
3096 1
3097 1
3098 1
3099 0
3100 0
3101 1
3102 1
3103 0
3104 0
3105 0
3106 1
3107 1
3108 0
3109 1
3110 0
3111 1
3112 1
3113 1
3114 0
3115 0
3116 1
3117 1
3118 0
3119 0
3120 1
3121 1
3122 1
3123 0
3124 0
3125 0
3126 0
3127 0
3128 0
3129 1
3130 0
3131 1
3132 0
3133 0
3134 1
3135 0
3136 1
3137 1
3138 0
3139 1
3140 0
3141 0
3142 1
3143 0
3144 1
3145 0
3146 1
3147 0
3148 1
3149 0
3150 0
3151 0
3152 0
3153 0
3154 1
3155 1
3156 0
3157 0
3158 0
3159 0
3160 1
3161 0
3162 0
3163 1
3164 0
3165 1
3166 1
3167 1
3168 1
3169 0
3170 1
3171 1
3172 1
3173 1
3174 0
3175 0
3176 0
3177 0
3178 0
3179 1
3180 1
3181 0
3182 1
3183 0
3184 1
3185 0
3186 0
3187 1
3188 0
3189 0
3190 1
3191 0
3192 0
3193 0
3194 0
3195 0
3196 1
3197 1
3198 0
3199 0
3200 0
3201 1
3202 1
3203 0
3204 0
3205 0
3206 1
3207 0
3208 1
3209 1
3210 1
3211 1
3212 0
3213 0
3214 1
3215 1
3216 0
3217 0
3218 1
3219 1
3220 0
3221 1
3222 1
3223 1
3224 1
3225 0
3226 0
3227 1
3228 1
3229 1
3230 1
3231 0
3232 1
3233 0
3234 1
3235 0
3236 1
3237 1
3238 0
3239 1
3240 0
3241 1
3242 0
3243 0
3244 0
3245 1
3246 0
3247 1
3248 1
3249 1
3250 1
3251 1
3252 0
3253 1
3254 1
3255 0
3256 1
3257 1
3258 0
3259 0
3260 0
3261 0
3262 0
3263 1
3264 1
3265 0
3266 0
3267 1
3268 1
3269 0
3270 1
3271 1
3272 1
3273 1
3274 1
3275 0
3276 0
3277 1
3278 1
3279 1
3280 0
3281 1
3282 1
3283 0
3284 0
3285 1
3286 1
3287 1
3288 1
3289 0
3290 1
3291 0
3292 0
3293 1
3294 0
3295 1
3296 1
3297 1
3298 1
3299 0
3300 0
3301 1
3302 0
3303 0
3304 1
3305 0
3306 0
3307 1
3308 0
3309 1
3310 1
3311 0
3312 1
3313 1
3314 1
3315 1
3316 1
3317 1
3318 1
3319 1
3320 0
3321 1
3322 0
3323 1
3324 1
3325 0
3326 0
3327 0
3328 0
3329 0
3330 0
3331 1
3332 1
3333 0
3334 1
3335 1
3336 1
3337 0
3338 1
3339 1
3340 0
3341 1
3342 0
3343 1
3344 0
3345 1
3346 0
3347 0
3348 1
3349 0
3350 1
3351 0
3352 0
3353 0
3354 0
3355 0
3356 1
3357 1
3358 1
3359 1
3360 0
3361 1
3362 0
3363 0
3364 0
3365 1
3366 1
3367 0
3368 0
3369 0
3370 0
3371 1
3372 1
3373 0
3374 0
3375 1
3376 0
3377 0
3378 0
3379 0
3380 0
3381 1
3382 1
3383 0
3384 1
3385 1
3386 1
3387 1
3388 0
3389 0
3390 0
3391 1
3392 1
3393 1
3394 1
3395 0
3396 1
3397 1
3398 0
3399 1
3400 1
3401 0
3402 1
3403 0
3404 1
3405 1
3406 0
3407 0
3408 0
3409 1
3410 0
3411 1
3412 1
3413 0
3414 1
3415 0
3416 0
3417 1
3418 0
3419 0
3420 0
3421 1
3422 0
3423 1
3424 0
3425 1
3426 1
3427 1
3428 0
3429 0
3430 0
3431 0
3432 1
3433 0
3434 0
3435 1
3436 1
3437 1
3438 0
3439 1
3440 0
3441 0
3442 1
3443 0
3444 1
3445 0
3446 0
3447 0
3448 1
3449 0
3450 0
3451 1
3452 0
3453 0
3454 1
3455 0
3456 0
3457 1
3458 0
3459 0
3460 0
3461 0
3462 0
3463 0
3464 0
3465 0
3466 0
3467 1
3468 1
3469 0
3470 0
3471 1
3472 1
3473 1
3474 0
3475 0
3476 1
3477 1
3478 1
3479 0
3480 0
3481 1
3482 0
3483 0
3484 1
3485 1
3486 1
3487 0
3488 1
3489 0
3490 1
3491 1
3492 1
3493 0
3494 0
3495 1
3496 1
3497 0
3498 1
3499 1
3500 0
3501 0
3502 0
3503 0
3504 0
3505 0
3506 0
3507 0
3508 1
3509 0
3510 0
3511 1
3512 1
3513 0
3514 0
3515 0
3516 0
3517 1
3518 1
3519 1
3520 0
3521 1
3522 1
3523 0
3524 0
3525 0
3526 1
3527 1
3528 1
3529 1
3530 1
3531 1
3532 0
3533 1
3534 1
3535 1
3536 0
3537 1
3538 1
3539 0
3540 1
3541 0
3542 1
3543 1
3544 0
3545 1
3546 0
3547 1
3548 0
3549 0
3550 1
3551 0
3552 0
3553 1
3554 1
3555 0
3556 0
3557 1
3558 0
3559 0
3560 1
3561 1
3562 1
3563 1
3564 0
3565 1
3566 0
3567 1
3568 1
3569 0
3570 0
3571 1
3572 1
3573 0
3574 1
3575 0
3576 0
3577 0
3578 1
3579 0
3580 0
3581 1
3582 0
3583 0
3584 0
3585 1
3586 0
3587 1
3588 0
3589 0
3590 1
3591 0
3592 1
3593 0
3594 1
3595 1
3596 0
3597 0
3598 1
3599 1
3600 0
3601 0
3602 1
3603 0
3604 0
3605 1
3606 0
3607 1
3608 1
3609 0
3610 0
3611 0
3612 1
3613 1
3614 0
3615 1
3616 0
3617 1
3618 0
3619 1
3620 1
3621 1
3622 1
3623 1
3624 1
3625 0
3626 0
3627 1
3628 0
3629 1
3630 0
3631 1
3632 1
3633 1
3634 1
3635 1
3636 0
3637 1
3638 1
3639 0
3640 0
3641 1
3642 1
3643 0
3644 0
3645 0
3646 0
3647 1
3648 1
3649 1
3650 1
3651 0
3652 0
3653 0
3654 0
3655 1
3656 1
3657 1
3658 0
3659 1
3660 0
3661 0
3662 1
3663 1
3664 0
3665 1
3666 0
3667 1
3668 0
3669 0
3670 0
3671 1
3672 0
3673 1
3674 0
3675 1
3676 1
3677 1
3678 0
3679 0
3680 1
3681 0
3682 1
3683 1
3684 1
3685 1
3686 0
3687 1
3688 1
3689 1
3690 0
3691 0
3692 0
3693 0
3694 1
3695 1
3696 1
3697 0
3698 0
3699 0
3700 0
3701 0
3702 0
3703 1
3704 1
3705 1
3706 0
3707 0
3708 1
3709 1
3710 0
3711 0
3712 1
3713 0
3714 0
3715 0
3716 1
3717 1
3718 0
3719 1
3720 0
3721 1
3722 0
3723 0
3724 1
3725 0
3726 0
3727 0
3728 1
3729 1
3730 0
3731 1
3732 1
3733 0
3734 0
3735 0
3736 1
3737 0
3738 1
3739 0
3740 1
3741 1
3742 0
3743 0
3744 0
3745 0
3746 0
3747 0
3748 0
3749 0
3750 0
3751 1
3752 0
3753 0
3754 0
3755 1
3756 1
3757 0
3758 1
3759 1
3760 0
3761 0
3762 0
3763 0
3764 1
3765 0
3766 0
3767 1
3768 1
3769 0
3770 1
3771 1
3772 1
3773 0
3774 0
3775 0
3776 0
3777 0
3778 0
3779 0
3780 1
3781 0
3782 1
3783 1
3784 1
3785 0
3786 0
3787 0
3788 1
3789 1
3790 0
3791 1
3792 0
3793 0
3794 1
3795 1
3796 0
3797 0
3798 0
3799 0
3800 1
3801 1
3802 0
3803 0
3804 0
3805 0
3806 1
3807 0
3808 1
3809 1
3810 0
3811 0
3812 0
3813 0
3814 0
3815 1
3816 1
3817 1
3818 1
3819 1
3820 0
3821 0
3822 0
3823 0
3824 0
3825 1
3826 1
3827 1
3828 1
3829 0
3830 0
3831 0
3832 1
3833 1
3834 1
3835 0
3836 0
3837 1
3838 1
3839 1
3840 1
3841 1
3842 0
3843 1
3844 0
3845 1
3846 0
3847 1
3848 1
3849 0
3850 0
3851 0
3852 0
3853 1
3854 0
3855 1
3856 0
3857 1
3858 1
3859 0
3860 0
3861 1
3862 0
3863 1
3864 0
3865 1
3866 1
3867 1
3868 0
3869 0
3870 0
3871 1
3872 0
3873 1
3874 0
3875 1
3876 0
3877 1
3878 0
3879 0
3880 1
3881 0
3882 0
3883 1
3884 1
3885 0
3886 1
3887 0
3888 1
3889 1
3890 0
3891 0
3892 0
3893 1
3894 0
3895 1
3896 1
3897 1
3898 1
3899 1
3900 0
3901 0
3902 0
3903 1
3904 1
3905 1
3906 0
3907 1
3908 0
3909 1
3910 1
3911 0
3912 1
3913 1
3914 1
3915 1
3916 0
3917 0
3918 1
3919 0
3920 0
3921 1
3922 1
3923 0
3924 1
3925 0
3926 0
3927 0
3928 1
3929 0
3930 1
3931 1
3932 1
3933 1
3934 0
3935 1
3936 1
3937 1
3938 1
3939 0
3940 1
3941 1
3942 1
3943 1
3944 1
3945 1
3946 0
3947 1
3948 1
3949 0
3950 0
3951 0
3952 1
3953 0
3954 1
3955 0
3956 0
3957 0
3958 1
3959 0
3960 1
3961 1
3962 1
3963 1
3964 1
3965 0
3966 1
3967 1
3968 0
3969 0
3970 1
3971 0
3972 1
3973 0
3974 1
3975 1
3976 1
3977 1
3978 1
3979 1
3980 1
3981 0
3982 1
3983 0
3984 0
3985 1
3986 0
3987 1
3988 1
3989 1
3990 0
3991 0
3992 0
3993 1
3994 1
3995 1
3996 1
3997 1
3998 0
3999 1
4000 0
4001 0
4002 1
4003 0
4004 1
4005 0
4006 1
4007 1
4008 1
4009 0
4010 0
4011 1
4012 1
4013 1
4014 1
4015 1
4016 0
4017 0
4018 0
4019 0
4020 0
4021 1
4022 1
4023 0
4024 0
4025 0
4026 0
4027 1
4028 1
4029 0
4030 0
4031 1
4032 1
4033 0
4034 1
4035 0
4036 1
4037 0
4038 0
4039 1
4040 0
4041 0
4042 1
4043 0
4044 1
4045 1
4046 1
4047 1
4048 0
4049 1
4050 0
4051 1
4052 0
4053 1
4054 1
4055 0
4056 0
4057 0
4058 1
4059 1
4060 1
4061 0
4062 0
4063 0
4064 1
4065 0
4066 1
4067 0
4068 0
4069 1
4070 1
4071 1
4072 0
4073 0
4074 0
4075 1
4076 1
4077 0
4078 1
4079 0
4080 0
4081 1
4082 0
4083 1
4084 1
4085 1
4086 1
4087 1
4088 1
4089 0
4090 1
4091 1
4092 1
4093 1
4094 0
4095 1
4096 0
4097 1
4098 0
4099 1
4100 1
4101 0
4102 0
4103 0
4104 0
4105 1
4106 0
4107 0
4108 0
4109 0
4110 0
4111 1
4112 1
4113 1
4114 0
4115 0
4116 1
4117 1
4118 0
4119 1
4120 1
4121 1
4122 1
4123 0
4124 0
4125 0
4126 1
4127 1
4128 1
4129 1
4130 0
4131 1
4132 1
4133 1
4134 1
4135 0
4136 0
4137 0
4138 1
4139 1
4140 1
4141 0
4142 0
4143 0
4144 0
4145 0
4146 1
4147 0
4148 1
4149 0
4150 0
4151 1
4152 0
4153 0
4154 1
4155 1
4156 1
4157 0
