# Oregon-1 10670 22002 50 4
1 4
2 1
3 4
4 3
5 0
6 1
7 1
8 1
9 4
10 0
11 4
12 4
13 2
14 1
15 2
16 2
17 2
18 3
19 0
20 0
21 4
22 3
23 1
24 4
25 3
26 3
27 4
28 1
29 0
30 0
31 0
32 3
33 2
34 0
35 3
36 4
37 3
38 4
39 3
40 0
41 0
42 3
43 1
44 4
45 1
46 1
47 4
48 0
49 0
50 0
51 3
52 3
53 3
54 1
55 1
56 4
57 1
58 1
59 1
60 3
61 1
62 1
63 4
64 0
65 3
66 3
67 4
68 2
69 3
70 3
71 3
72 0
73 1
74 1
75 3
76 2
77 0
78 0
79 0
80 4
81 3
82 4
83 1
84 1
85 3
86 3
87 2
88 0
89 2
90 3
91 2
92 1
93 2
94 0
95 3
96 0
97 0
98 0
99 1
100 1
101 3
102 3
103 4
104 2
105 2
106 4
107 0
108 2
109 4
110 1
111 2
112 0
113 0
114 3
115 1
116 3
117 3
118 4
119 1
120 4
121 1
122 3
123 2
124 1
125 4
126 1
127 2
128 4
129 3
130 3
131 0
132 4
133 3
134 2
135 3
136 4
137 0
138 0
139 0
140 0
141 2
142 1
143 3
144 3
145 0
146 4
147 3
148 4
149 2
150 3
151 0
152 0
153 3
154 2
155 2
156 3
157 1
158 0
159 1
160 1
161 1
162 1
163 1
164 1
165 0
166 3
167 1
168 1
169 3
170 2
171 1
172 0
173 3
174 0
175 3
176 1
177 0
178 1
179 2
180 0
181 2
182 3
183 1
184 1
185 4
186 0
187 0
188 0
189 2
190 3
191 0
192 0
193 3
194 3
195 1
196 4
197 2
198 2
199 1
200 0
201 2
202 1
203 4
204 2
205 2
206 4
207 1
208 1
209 1
210 4
211 4
212 1
213 3
214 1
215 3
216 0
217 4
218 2
219 0
220 3
221 2
222 2
223 1
224 0
225 0
226 2
227 4
228 0
229 0
230 3
231 3
232 2
233 1
234 2
235 0
236 3
237 2
238 2
239 3
240 2
241 1
242 4
243 3
244 2
245 0
246 2
247 3
248 2
249 4
250 1
251 0
252 0
253 4
254 3
255 0
256 3
257 0
258 0
259 3
260 1
261 0
262 1
263 4
264 3
265 1
266 2
267 4
268 1
269 1
270 0
271 3
272 3
273 3
274 2
275 1
276 3
277 3
278 0
279 2
280 2
281 4
282 1
283 1
284 4
285 2
286 4
287 0
288 2
289 4
290 1
291 2
292 2
293 1
294 0
295 0
296 0
297 3
298 0
299 4
300 3
301 2
302 3
303 3
304 2
305 1
306 4
307 1
308 3
309 1
310 1
311 4
312 4
313 1
314 0
315 2
316 3
317 4
318 2
319 3
320 2
321 0
322 3
323 3
324 2
325 2
326 1
327 2
328 3
329 1
330 2
331 4
332 0
333 2
334 3
335 1
336 4
337 2
338 1
339 1
340 3
341 3
342 1
343 4
344 1
345 1
346 2
347 2
348 2
349 2
350 1
351 1
352 1
353 1
354 3
355 0
356 3
357 1
358 0
359 0
360 0
361 4
362 4
363 4
364 3
365 1
366 3
367 4
368 1
369 3
370 1
371 2
372 3
373 3
374 2
375 0
376 3
377 3
378 3
379 1
380 2
381 1
382 1
383 2
384 0
385 3
386 2
387 0
388 3
389 4
390 0
391 1
392 4
393 4
394 4
395 0
396 1
397 3
398 3
399 4
400 1
401 4
402 0
403 0
404 3
405 2
406 3
407 1
408 0
409 3
410 2
411 1
412 2
413 3
414 0
415 0
416 4
417 3
418 2
419 1
420 4
421 1
422 0
423 3
424 1
425 1
426 0
427 4
428 1
429 3
430 3
431 4
432 4
433 1
434 4
435 2
436 3
437 0
438 0
439 4
440 0
441 0
442 4
443 2
444 4
445 3
446 0
447 1
448 2
449 4
450 1
451 1
452 2
453 2
454 2
455 3
456 1
457 0
458 0
459 1
460 0
461 4
462 3
463 4
464 1
465 0
466 2
467 1
468 2
469 2
470 4
471 0
472 3
473 1
474 3
475 0
476 0
477 1
478 1
479 1
480 4
481 4
482 1
483 2
484 1
485 4
486 0
487 1
488 2
489 4
490 1
491 4
492 0
493 1
494 3
495 3
496 1
497 2
498 0
499 4
500 0
501 3
502 2
503 0
504 0
505 0
506 1
507 3
508 1
509 1
510 4
511 0
512 2
513 3
514 0
515 2
516 0
517 3
518 0
519 3
520 0
521 2
522 3
523 1
524 2
525 0
526 4
527 0
528 4
529 4
530 2
531 2
532 4
533 3
534 1
535 3
536 2
537 4
538 3
539 0
540 3
541 4
542 1
543 4
544 1
545 2
546 2
547 3
548 2
549 1
550 4
551 3
552 2
553 4
554 1
555 1
556 3
557 4
558 3
559 4
560 3
561 1
562 1
563 0
564 3
565 0
566 3
567 0
568 3
569 0
570 3
571 0
572 1
573 3
574 0
575 3
576 3
577 1
578 4
579 2
580 3
581 2
582 2
583 2
584 3
585 4
586 2
587 3
588 0
589 1
590 3
591 4
592 0
593 4
594 3
595 1
596 2
597 1
598 2
599 2
600 0
601 3
602 1
603 1
604 3
605 4
606 2
607 1
608 3
609 2
610 2
611 1
612 0
613 3
614 3
615 4
616 3
617 2
618 4
619 3
620 3
621 0
622 0
623 2
624 2
625 0
626 1
627 3
628 0
629 2
630 4
631 3
632 3
633 2
634 0
635 3
636 2
637 0
638 2
639 2
640 2
641 1
642 0
643 2
644 2
645 1
646 1
647 1
648 3
649 3
650 2
651 0
652 4
653 3
654 3
655 3
656 1
657 1
658 4
659 0
660 3
661 0
662 1
663 3
664 2
665 3
666 2
667 4
668 1
669 1
670 0
671 1
672 1
673 3
674 2
675 1
676 0
677 4
678 1
679 3
680 2
681 1
682 4
683 3
684 2
685 1
686 4
687 1
688 3
689 4
690 4
691 0
692 1
693 0
694 3
695 0
696 3
697 0
698 3
699 1
700 0
701 3
702 4
703 0
704 3
705 2
706 2
707 4
708 3
709 0
710 0
711 1
712 3
713 1
714 3
715 2
716 4
717 0
718 0
719 4
720 3
721 0
722 2
723 3
724 2
725 0
726 0
727 4
728 0
729 4
730 2
731 3
732 4
733 1
734 0
735 3
736 0
737 4
738 1
739 4
740 4
741 1
742 0
743 4
744 1
745 4
746 3
747 3
748 4
749 0
750 0
751 3
752 3
753 2
754 3
755 0
756 2
757 0
758 4
759 2
760 0
761 2
762 2
763 3
764 0
765 2
766 2
767 1
768 3
769 2
770 1
771 3
772 4
773 1
774 1
775 3
776 1
777 0
778 4
779 0
780 3
781 1
782 2
783 2
784 0
785 4
786 1
787 2
788 4
789 4
790 4
791 3
792 4
793 2
794 4
795 0
796 4
797 1
798 2
799 3
800 4
801 0
802 3
803 3
804 4
805 1
806 0
807 1
808 4
809 0
810 3
811 1
812 1
813 3
814 2
815 2
816 2
817 2
818 4
819 0
820 0
821 1
822 3
823 2
824 2
825 4
826 2
827 1
828 0
829 4
830 2
831 0
832 2
833 3
834 3
835 4
836 4
837 3
838 2
839 4
840 2
841 3
842 0
843 3
844 3
845 2
846 4
847 0
848 2
849 4
850 1
851 3
852 1
853 0
854 4
855 1
856 3
857 4
858 0
859 3
860 2
861 4
862 1
863 3
864 3
865 1
866 2
867 1
868 3
869 1
870 4
871 0
872 1
873 0
874 0
875 1
876 2
877 1
878 2
879 1
880 1
881 4
882 1
883 2
884 0
885 1
886 0
887 1
888 3
889 4
890 1
891 2
892 2
893 3
894 0
895 4
896 1
897 4
898 1
899 2
900 4
901 3
902 1
903 0
904 1
905 3
906 2
907 3
908 3
909 4
910 4
911 1
912 4
913 3
914 2
915 2
916 0
917 2
918 4
919 0
920 1
921 0
922 4
923 1
924 0
925 3
926 3
927 4
928 4
929 4
930 4
931 4
932 1
933 4
934 0
935 4
936 0
937 3
938 0
939 0
940 4
941 1
942 1
943 3
944 0
945 4
946 1
947 1
948 1
949 0
950 1
951 3
952 3
953 2
954 4
955 2
956 2
957 3
958 0
959 4
960 2
961 4
962 0
963 2
964 4
965 1
966 1
967 1
968 3
969 4
970 3
971 0
972 4
973 2
974 1
975 3
976 0
977 2
978 2
979 2
980 1
981 1
982 4
983 0
984 0
985 4
986 4
987 0
988 3
989 0
990 4
991 4
992 4
993 3
994 3
995 1
996 3
997 1
998 1
999 0
1000 0
1001 4
1002 3
1003 2
1004 1
1005 2
1006 0
1007 1
1008 1
1009 1
1010 4
1011 3
1012 3
1013 1
1014 0
1015 3
1016 2
1017 0
1018 1
1019 3
1020 1
1021 4
1022 4
1023 1
1024 0
1025 3
1026 3
1027 4
1028 4
1029 3
1030 0
1031 3
1032 4
1033 2
1034 2
1035 3
1036 2
1037 1
1038 2
1039 1
1040 3
1041 3
1042 2
1043 1
1044 1
1045 4
1046 1
1047 4
1048 2
1049 2
1050 0
1051 1
1052 2
1053 4
1054 2
1055 1
1056 3
1057 3
1058 4
1059 3
1060 4
1061 0
1062 4
1063 0
1064 0
1065 4
1066 3
1067 3
1068 0
1069 2
1070 1
1071 3
1072 1
1073 3
1074 4
1075 0
1076 4
1077 0
1078 3
1079 4
1080 2
1081 1
1082 1
1083 0
1084 3
1085 3
1086 0
1087 0
1088 1
1089 1
1090 2
1091 3
1092 4
1093 4
1094 3
1095 2
1096 0
1097 1
1098 1
1099 3
1100 1
1101 3
1102 0
1103 1
1104 3
1105 0
1106 1
1107 3
1108 1
1109 3
1110 4
1111 2
1112 2
1113 3
1114 2
1115 4
1116 0
1117 4
1118 2
1119 1
1120 1
1121 0
1122 0
1123 3
1124 0
1125 0
1126 0
1127 2
1128 2
1129 3
1130 1
1131 0
1132 1
1133 2
1134 2
1135 1
1136 4
1137 1
1138 3
1139 1
1140 2
1141 0
1142 0
1143 1
1144 2
1145 1
1146 4
1147 3
1148 3
1149 4
1150 3
1151 2
1152 0
1153 0
1154 0
1155 1
1156 4
1157 0
1158 0
1159 0
1160 1
1161 4
1162 3
1163 3
1164 1
1165 1
1166 3
1167 2
1168 4
1169 0
1170 3
1171 4
1172 3
1173 0
1174 4
1175 4
1176 0
1177 0
1178 4
1179 0
1180 3
1181 4
1182 0
1183 3
1184 3
1185 2
1186 0
1187 4
1188 1
1189 4
1190 3
1191 1
1192 4
1193 1
1194 2
1195 1
1196 2
1197 4
1198 0
1199 3
1200 1
1201 1
1202 2
1203 4
1204 1
1205 2
1206 2
1207 2
1208 1
1209 4
1210 1
1211 1
1212 0
1213 2
1214 1
1215 3
1216 3
1217 2
1218 2
1219 4
1220 3
1221 2
1222 0
1223 4
1224 1
1225 1
1226 1
1227 1
1228 2
1229 4
1230 2
1231 0
1232 1
1233 4
1234 3
1235 1
1236 0
1237 2
1238 4
1239 0
1240 0
1241 1
1242 3
1243 0
1244 2
1245 2
1246 1
1247 3
1248 4
1249 0
1250 2
1251 4
1252 4
1253 4
1254 4
1255 3
1256 1
1257 3
1258 0
1259 3
1260 3
1261 3
1262 0
1263 4
1264 0
1265 4
1266 2
1267 0
1268 4
1269 2
1270 3
1271 2
1272 3
1273 3
1274 1
1275 2
1276 4
1277 1
1278 4
1279 4
1280 4
1281 2
1282 1
1283 0
1284 1
1285 0
1286 3
1287 4
1288 4
1289 4
1290 4
1291 2
1292 1
1293 4
1294 2
1295 0
1296 0
1297 3
1298 4
1299 4
1300 2
1301 0
1302 2
1303 1
1304 4
1305 1
1306 2
1307 3
1308 3
1309 4
1310 3
1311 3
1312 4
1313 4
1314 3
1315 3
1316 1
1317 3
1318 1
1319 0
1320 4
1321 4
1322 0
1323 0
1324 4
1325 2
1326 4
1327 1
1328 0
1329 1
1330 3
1331 2
1332 2
1333 2
1334 3
1335 4
1336 3
1337 1
1338 1
1339 3
1340 4
1341 1
1342 3
1343 2
1344 2
1345 1
1346 0
1347 3
1348 3
1349 0
1350 4
1351 2
1352 1
1353 0
1354 0
1355 0
1356 1
1357 3
1358 1
1359 4
1360 3
1361 2
1362 3
1363 0
1364 2
1365 2
1366 0
1367 4
1368 4
1369 0
1370 1
1371 2
1372 2
1373 0
1374 3
1375 1
1376 0
1377 1
1378 3
1379 0
1380 4
1381 3
1382 2
1383 4
1384 1
1385 3
1386 2
1387 2
1388 3
1389 1
1390 4
1391 1
1392 2
1393 1
1394 3
1395 0
1396 1
1397 4
1398 3
1399 3
1400 4
1401 4
1402 4
1403 4
1404 2
1405 4
1406 3
1407 4
1408 1
1409 4
1410 1
1411 2
1412 0
1413 2
1414 0
1415 1
1416 4
1417 2
1418 2
1419 0
1420 0
1421 1
1422 1
1423 1
1424 4
1425 2
1426 0
1427 4
1428 2
1429 3
1430 0
1431 0
1432 1
1433 2
1434 3
1435 2
1436 1
1437 0
1438 1
1439 3
1440 4
1441 2
1442 4
1443 0
1444 4
1445 4
1446 0
1447 3
1448 4
1449 4
1450 2
1451 2
1452 1
1453 0
1454 1
1455 2
1456 0
1457 4
1458 2
1459 3
1460 4
1461 1
1462 4
1463 1
1464 3
1465 1
1466 2
1467 1
1468 0
1469 3
1470 1
1471 1
1472 2
1473 1
1474 1
1475 3
1476 4
1477 2
1478 3
1479 3
1480 2
1481 2
1482 4
1483 1
1484 4
1485 4
1486 1
1487 0
1488 2
1489 4
1490 1
1491 3
1492 3
1493 4
1494 2
1495 4
1496 3
1497 1
1498 4
1499 4
1500 0
1501 4
1502 0
1503 1
1504 0
1505 1
1506 3
1507 4
1508 4
1509 2
1510 3
1511 2
1512 4
1513 3
1514 2
1515 2
1516 3
1517 3
1518 0
1519 2
1520 4
1521 1
1522 3
1523 0
1524 2
1525 0
1526 4
1527 2
1528 3
1529 1
1530 3
1531 2
1532 4
1533 1
1534 0
1535 0
1536 0
1537 3
1538 2
1539 0
1540 1
1541 0
1542 3
1543 3
1544 4
1545 0
1546 0
1547 4
1548 2
1549 3
1550 2
1551 3
1552 4
1553 0
1554 2
1555 3
1556 4
1557 2
1558 4
1559 3
1560 3
1561 3
1562 1
1563 2
1564 1
1565 2
1566 3
1567 2
1568 2
1569 0
1570 0
1571 0
1572 0
1573 0
1574 4
1575 0
1576 0
1577 2
1578 2
1579 1
1580 1
1581 2
1582 0
1583 0
1584 4
1585 1
1586 3
1587 3
1588 1
1589 4
1590 4
1591 3
1592 0
1593 1
1594 1
1595 0
1596 4
1597 1
1598 2
1599 1
1600 0
1601 0
1602 2
1603 3
1604 4
1605 0
1606 2
1607 3
1608 1
1609 1
1610 1
1611 1
1612 0
1613 0
1614 0
1615 1
1616 0
1617 4
1618 4
1619 3
1620 4
1621 0
1622 1
1623 3
1624 3
1625 3
1626 0
1627 1
1628 2
1629 0
1630 2
1631 0
1632 0
1633 4
1634 4
1635 0
1636 0
1637 3
1638 4
1639 4
1640 4
1641 0
1642 2
1643 3
1644 2
1645 2
1646 2
1647 2
1648 4
1649 0
1650 4
1651 3
1652 1
1653 2
1654 1
1655 3
1656 2
1657 0
1658 1
1659 0
1660 1
1661 3
1662 0
1663 2
1664 0
1665 2
1666 2
1667 4
1668 2
1669 4
1670 2
1671 1
1672 1
1673 0
1674 1
1675 0
1676 4
1677 3
1678 4
1679 4
1680 1
1681 0
1682 2
1683 0
1684 4
1685 3
1686 1
1687 1
1688 3
1689 2
1690 4
1691 3
1692 0
1693 1
1694 0
1695 0
1696 2
1697 4
1698 2
1699 3
1700 2
1701 1
1702 2
1703 2
1704 2
1705 0
1706 2
1707 2
1708 2
1709 1
1710 1
1711 3
1712 3
1713 3
1714 4
1715 0
1716 3
1717 1
1718 3
1719 3
1720 4
1721 2
1722 0
1723 3
1724 1
1725 3
1726 4
1727 3
1728 3
1729 0
1730 2
1731 2
1732 0
1733 0
1734 1
1735 3
1736 3
1737 2
1738 3
1739 0
1740 1
1741 1
1742 4
1743 0
1744 1
1745 3
1746 1
1747 2
1748 1
1749 2
1750 2
1751 1
1752 3
1753 2
1754 3
1755 2
1756 2
1757 2
1758 0
1759 1
1760 4
1761 3
1762 4
1763 3
1764 4
1765 3
1766 0
1767 1
1768 0
1769 0
1770 1
1771 1
1772 3
1773 3
1774 3
1775 1
1776 3
1777 2
1778 2
1779 4
1780 0
1781 3
1782 2
1783 4
1784 0
1785 1
1786 4
1787 4
1788 2
1789 4
1790 0
1791 2
1792 1
1793 1
1794 3
1795 0
1796 4
1797 4
1798 2
1799 0
1800 4
1801 0
1802 4
1803 4
1804 1
1805 0
1806 2
1807 4
1808 3
1809 4
1810 0
1811 4
1812 1
1813 2
1814 4
1815 1
1816 4
1817 0
1818 2
1819 2
1820 1
1821 3
1822 0
1823 2
1824 4
1825 1
1826 3
1827 3
1828 1
1829 1
1830 1
1831 3
1832 2
1833 2
1834 4
1835 2
1836 3
1837 1
1838 3
1839 3
1840 2
1841 0
1842 2
1843 3
1844 3
1845 0
1846 3
1847 0
1848 1
1849 3
1850 3
1851 4
1852 4
1853 1
1854 3
1855 4
1856 0
1857 1
1858 0
1859 0
1860 1
1861 4
1862 3
1863 0
1864 2
1865 4
1866 2
1867 4
1868 1
1869 2
1870 4
1871 1
1872 4
1873 0
1874 4
1875 0
1876 0
1877 4
1878 2
1879 4
1880 4
1881 4
1882 4
1883 0
1884 3
1885 2
1886 3
1887 4
1888 1
1889 1
1890 1
1891 0
1892 3
1893 4
1894 3
1895 3
1896 0
1897 2
1898 3
1899 1
1900 3
1901 4
1902 2
1903 0
1904 2
1905 2
1906 3
1907 3
1908 0
1909 3
1910 0
1911 0
1912 4
1913 4
1914 0
1915 3
1916 3
1917 1
1918 1
1919 0
1920 2
1921 4
1922 3
1923 4
1924 1
1925 3
1926 1
1927 0
1928 1
1929 4
1930 0
1931 4
1932 0
1933 1
1934 3
1935 4
1936 3
1937 0
1938 3
1939 1
1940 1
1941 2
1942 3
1943 1
1944 3
1945 2
1946 2
1947 4
1948 2
1949 0
1950 4
1951 0
1952 4
1953 2
1954 4
1955 4
1956 3
1957 3
1958 1
1959 0
1960 1
1961 3
1962 2
1963 3
1964 0
1965 0
1966 2
1967 1
1968 2
1969 3
1970 0
1971 4
1972 0
1973 4
1974 4
1975 1
1976 1
1977 3
1978 4
1979 4
1980 3
1981 2
1982 0
1983 2
1984 3
1985 1
1986 0
1987 0
1988 4
1989 0
1990 1
1991 4
1992 2
1993 0
1994 3
1995 4
1996 4
1997 3
1998 2
1999 1
2000 2
2001 2
2002 0
2003 4
2004 1
2005 4
2006 3
2007 4
2008 2
2009 1
2010 1
2011 2
2012 0
2013 4
2014 4
2015 0
2016 4
2017 2
2018 0
2019 2
2020 2
2021 2
2022 2
2023 3
2024 1
2025 1
2026 3
2027 3
2028 0
2029 2
2030 3
2031 4
2032 1
2033 2
2034 4
2035 3
2036 2
2037 2
2038 4
2039 1
2040 4
2041 2
2042 3
2043 0
2044 2
2045 1
2046 0
2047 2
2048 4
2049 4
2050 1
2051 2
2052 4
2053 0
2054 1
2055 2
2056 3
2057 0
2058 3
2059 1
2060 4
2061 1
2062 4
2063 0
2064 1
2065 3
2066 2
2067 2
2068 3
2069 3
2070 3
2071 0
2072 2
2073 3
2074 2
2075 3
2076 2
2077 2
2078 4
2079 2
2080 1
2081 3
2082 3
2083 3
2084 1
2085 3
2086 2
2087 4
2088 3
2089 3
2090 2
2091 3
2092 4
2093 0
2094 0
2095 2
2096 3
2097 0
2098 4
2099 4
2100 2
2101 3
2102 4
2103 2
2104 0
2105 4
2106 0
2107 2
2108 4
2109 4
2110 4
2111 2
2112 2
2113 1
2114 4
2115 4
2116 1
2117 4
2118 3
2119 1
2120 0
2121 3
2122 0
2123 2
2124 2
2125 0
2126 2
2127 0
2128 3
2129 4
2130 4
2131 3
2132 4
2133 0
2134 0
2135 1
2136 3
2137 1
2138 4
2139 0
2140 2
2141 1
2142 1
2143 4
2144 1
2145 1
2146 3
2147 3
2148 0
2149 3
2150 1
2151 4
2152 1
2153 4
2154 3
2155 1
2156 2
2157 3
2158 2
2159 4
2160 0
2161 2
2162 2
2163 3
2164 0
2165 3
2166 1
2167 3
2168 1
2169 4
2170 3
2171 2
2172 0
2173 1
2174 2
2175 1
2176 3
2177 2
2178 1
2179 4
2180 2
2181 0
2182 4
2183 2
2184 3
2185 3
2186 3
2187 1
2188 2
2189 1
2190 2
2191 2
2192 4
2193 1
2194 4
2195 2
2196 0
2197 2
2198 2
2199 2
2200 1
2201 2
2202 1
2203 0
2204 1
2205 4
2206 2
2207 3
2208 3
2209 2
2210 4
2211 3
2212 0
2213 0
2214 3
2215 0
2216 2
2217 1
2218 3
2219 0
2220 3
2221 2
2222 0
2223 4
2224 3
2225 2
2226 2
2227 1
2228 4
2229 3
2230 1
2231 1
2232 1
2233 2
2234 4
2235 2
2236 1
2237 1
2238 3
2239 0
2240 1
2241 4
2242 1
2243 2
2244 3
2245 0
2246 3
2247 0
2248 0
2249 1
2250 3
2251 4
2252 2
2253 2
2254 0
2255 2
2256 2
2257 1
2258 1
2259 1
2260 2
2261 4
2262 2
2263 1
2264 2
2265 4
2266 0
2267 1
2268 0
2269 1
2270 1
2271 0
2272 3
2273 4
2274 2
2275 3
2276 4
2277 0
2278 3
2279 3
2280 2
2281 1
2282 0
2283 2
2284 0
2285 2
2286 4
2287 1
2288 4
2289 1
2290 1
2291 3
2292 3
2293 4
2294 1
2295 1
2296 2
2297 4
2298 2
2299 3
2300 0
2301 3
2302 0
2303 4
2304 0
2305 0
2306 1
2307 4
2308 3
2309 0
2310 0
2311 0
2312 0
2313 4
2314 0
2315 0
2316 3
2317 4
2318 0
2319 4
2320 4
2321 1
2322 4
2323 4
2324 4
2325 0
2326 2
2327 4
2328 2
2329 0
2330 2
2331 2
2332 0
2333 0
2334 0
2335 4
2336 2
2337 4
2338 0
2339 0
2340 3
2341 3
2342 3
2343 1
2344 2
2345 3
2346 4
2347 1
2348 2
2349 0
2350 1
2351 3
2352 4
2353 0
2354 2
2355 4
2356 1
2357 3
2358 0
2359 1
2360 3
2361 0
2362 2
2363 4
2364 0
2365 3
2366 4
2367 3
2368 2
2369 3
2370 0
2371 0
2372 1
2373 0
2374 2
2375 2
2376 3
2377 4
2378 3
2379 3
2380 0
2381 4
2382 4
2383 4
2384 3
2385 2
2386 4
2387 4
2388 2
2389 0
2390 0
2391 1
2392 2
2393 4
2394 0
2395 4
2396 0
2397 4
2398 2
2399 0
2400 0
2401 2
2402 2
2403 2
2404 0
2405 4
2406 3
2407 3
2408 1
2409 0
2410 0
2411 2
2412 3
2413 2
2414 0
2415 1
2416 0
2417 4
2418 0
2419 0
2420 3
2421 4
2422 0
2423 1
2424 2
2425 2
2426 2
2427 3
2428 4
2429 3
2430 2
2431 3
2432 0
2433 0
2434 1
2435 1
2436 3
2437 0
2438 1
2439 0
2440 0
2441 1
2442 1
2443 3
2444 1
2445 0
2446 4
2447 2
2448 2
2449 2
2450 4
2451 0
2452 1
2453 4
2454 1
2455 1
2456 3
2457 2
2458 1
2459 0
2460 3
2461 4
2462 0
2463 1
2464 2
2465 1
2466 2
2467 3
2468 3
2469 1
2470 4
2471 1
2472 4
2473 2
2474 0
2475 0
2476 4
2477 1
2478 3
2479 2
2480 1
2481 3
2482 1
2483 4
2484 4
2485 2
2486 3
2487 3
2488 4
2489 4
2490 1
2491 0
2492 1
2493 4
2494 2
2495 1
2496 0
2497 1
2498 0
2499 4
2500 4
2501 3
2502 2
2503 0
2504 4
2505 2
2506 2
2507 4
2508 3
2509 3
2510 4
2511 1
2512 0
2513 2
2514 2
2515 0
2516 1
2517 0
2518 1
2519 3
2520 1
2521 1
2522 4
2523 2
2524 3
2525 3
2526 4
2527 1
2528 4
2529 3
2530 3
2531 2
2532 3
2533 1
2534 0
2535 0
2536 4
2537 2
2538 1
2539 0
2540 1
2541 1
2542 1
2543 3
2544 3
2545 1
2546 3
2547 1
2548 1
2549 0
2550 1
2551 2
2552 3
2553 1
2554 2
2555 3
2556 2
2557 4
2558 4
2559 0
2560 3
2561 0
2562 2
2563 0
2564 3
2565 1
2566 2
2567 3
2568 3
2569 3
2570 1
2571 4
2572 3
2573 1
2574 4
2575 0
2576 4
2577 4
2578 1
2579 0
2580 4
2581 4
2582 3
2583 1
2584 1
2585 3
2586 1
2587 2
2588 0
2589 2
2590 4
2591 4
2592 3
2593 2
2594 1
2595 4
2596 2
2597 3
2598 1
2599 2
2600 0
2601 1
2602 2
2603 1
2604 4
2605 2
2606 4
2607 2
2608 3
2609 0
2610 0
2611 1
2612 0
2613 1
2614 0
2615 3
2616 3
2617 2
2618 0
2619 1
2620 3
2621 4
2622 4
2623 0
2624 1
2625 1
2626 2
2627 4
2628 1
2629 1
2630 4
2631 1
2632 2
2633 3
2634 0
2635 4
2636 2
2637 3
2638 1
2639 0
2640 2
2641 3
2642 2
2643 3
2644 1
2645 0
2646 2
2647 1
2648 0
2649 1
2650 1
2651 3
2652 4
2653 3
2654 4
2655 4
2656 4
2657 2
2658 4
2659 0
2660 4
2661 4
2662 2
2663 2
2664 4
2665 3
2666 1
2667 2
2668 3
2669 2
2670 2
2671 0
2672 0
2673 3
2674 4
2675 3
2676 0
2677 0
2678 2
2679 2
2680 4
2681 3
2682 0
2683 0
2684 1
2685 2
2686 0
2687 1
2688 1
2689 0
2690 4
2691 2
2692 1
2693 2
2694 0
2695 4
2696 4
2697 3
2698 1
2699 4
2700 1
2701 3
2702 2
2703 0
2704 3
2705 0
2706 3
2707 4
2708 0
2709 1
2710 0
2711 4
2712 1
2713 0
2714 4
2715 1
2716 4
2717 0
2718 0
2719 2
2720 4
2721 4
2722 2
2723 0
2724 1
2725 0
2726 0
2727 4
2728 4
2729 1
2730 0
2731 3
2732 4
2733 4
2734 3
2735 4
2736 0
2737 3
2738 2
2739 1
2740 0
2741 2
2742 1
2743 1
2744 0
2745 0
2746 2
2747 1
2748 2
2749 0
2750 4
2751 4
2752 3
2753 2
2754 3
2755 1
2756 1
2757 4
2758 4
2759 2
2760 4
2761 4
2762 0
2763 0
2764 4
2765 1
2766 4
2767 2
2768 1
2769 4
2770 0
2771 1
2772 4
2773 0
2774 0
2775 0
2776 4
2777 0
2778 1
2779 3
2780 3
2781 4
2782 4
2783 1
2784 4
2785 4
2786 1
2787 1
2788 4
2789 0
2790 1
2791 3
2792 2
2793 4
2794 0
2795 0
2796 1
2797 0
2798 2
2799 2
2800 2
2801 2
2802 0
2803 1
2804 3
2805 4
2806 1
2807 0
2808 1
2809 4
2810 1
2811 0
2812 2
2813 3
2814 1
2815 4
2816 4
2817 2
2818 0
2819 3
2820 3
2821 1
2822 1
2823 0
2824 0
2825 4
2826 2
2827 3
2828 2
2829 0
2830 2
2831 1
2832 2
2833 2
2834 3
2835 1
2836 1
2837 2
2838 3
2839 0
2840 0
2841 4
2842 2
2843 4
2844 1
2845 0
2846 1
2847 1
2848 2
2849 0
2850 0
2851 4
2852 4
2853 3
2854 4
2855 3
2856 2
2857 4
2858 4
2859 3
2860 3
2861 0
2862 0
2863 2
2864 2
2865 2
2866 2
2867 1
2868 3
2869 2
2870 4
2871 1
2872 2
2873 1
2874 2
2875 4
2876 0
2877 4
2878 0
2879 0
2880 0
2881 2
2882 3
2883 1
2884 2
2885 2
2886 3
2887 0
2888 2
2889 4
2890 4
2891 0
2892 2
2893 4
2894 4
2895 3
2896 1
2897 4
2898 2
2899 0
2900 3
2901 2
2902 2
2903 0
2904 3
2905 4
2906 0
2907 4
2908 3
2909 4
2910 0
2911 3
2912 0
2913 0
2914 3
2915 3
2916 4
2917 1
2918 0
2919 4
2920 3
2921 3
2922 3
2923 1
2924 2
2925 1
2926 0
2927 0
2928 1
2929 4
2930 3
2931 2
2932 2
2933 3
2934 1
2935 3
2936 3
2937 3
2938 4
2939 1
2940 0
2941 0
2942 3
2943 1
2944 1
2945 3
2946 0
2947 0
2948 1
2949 3
2950 0
2951 2
2952 0
2953 2
2954 1
2955 1
2956 1
2957 2
2958 0
2959 2
2960 0
2961 3
2962 1
2963 2
2964 4
2965 1
2966 0
2967 0
2968 3
2969 3
2970 3
2971 1
2972 1
2973 4
2974 3
2975 2
2976 2
2977 0
2978 4
2979 1
2980 4
2981 3
2982 0
2983 2
2984 1
2985 4
2986 3
2987 1
2988 0
2989 4
2990 4
2991 2
2992 2
2993 4
2994 1
2995 4
2996 1
2997 2
2998 4
2999 2
3000 0
3001 0
3002 1
3003 1
3004 2
3005 1
3006 1
3007 2
3008 0
3009 0
3010 4
3011 2
3012 0
3013 4
3014 4
3015 0
3016 3
3017 0
3018 1
3019 1
3020 2
3021 2
3022 4
3023 2
3024 3
3025 4
3026 0
3027 2
3028 2
3029 3
3030 4
3031 1
3032 1
3033 1
3034 3
3035 4
3036 0
3037 2
3038 2
3039 3
3040 0
3041 3
3042 2
3043 4
3044 3
3045 1
3046 0
3047 3
3048 0
3049 2
3050 3
3051 0
3052 2
3053 4
3054 1
3055 3
3056 2
3057 1
3058 0
3059 3
3060 1
3061 2
3062 0
3063 4
3064 0
3065 3
3066 1
3067 0
3068 2
3069 2
3070 3
3071 3
3072 2
3073 0
3074 1
3075 2
3076 1
3077 4
3078 0
3079 3
3080 4
3081 3
3082 4
3083 2
3084 2
3085 1
3086 2
3087 2
3088 0
3089 4
3090 3
3091 1
3092 3
3093 1
3094 4
3095 2
3096 2
3097 4
3098 2
3099 4
3100 4
3101 2
3102 3
3103 0
3104 3
3105 1
3106 3
3107 0
3108 4
3109 4
3110 3
3111 2
3112 0
3113 2
3114 1
3115 0
3116 3
3117 2
3118 0
3119 2
3120 1
3121 3
3122 3
3123 2
3124 3
3125 3
3126 3
3127 0
3128 3
3129 0
3130 2
3131 3
3132 2
3133 0
3134 2
3135 3
3136 1
3137 0
3138 0
3139 4
3140 3
3141 2
3142 1
3143 4
3144 3
3145 0
3146 3
3147 4
3148 3
3149 3
3150 0
3151 1
3152 0
3153 1
3154 4
3155 3
3156 0
3157 3
3158 3
3159 0
3160 3
3161 0
3162 1
3163 1
3164 3
3165 2
3166 0
3167 0
3168 1
3169 0
3170 1
3171 2
3172 0
3173 4
3174 3
3175 4
3176 0
3177 4
3178 3
3179 2
3180 1
3181 1
3182 0
3183 1
3184 4
3185 3
3186 3
3187 2
3188 3
3189 1
3190 0
3191 3
3192 2
3193 0
3194 2
3195 2
3196 3
3197 3
3198 4
3199 0
3200 1
3201 1
3202 4
3203 4
3204 3
3205 3
3206 2
3207 0
3208 3
3209 3
3210 2
3211 3
3212 0
3213 1
3214 1
3215 3
3216 0
3217 2
3218 3
3219 4
3220 1
3221 4
3222 1
3223 2
3224 0
3225 2
3226 4
3227 0
3228 3
3229 3
3230 0
3231 2
3232 4
3233 3
3234 3
3235 1
3236 3
3237 2
3238 3
3239 1
3240 0
3241 0
3242 2
3243 2
3244 1
3245 1
3246 3
3247 2
3248 4
3249 0
3250 1
3251 4
3252 1
3253 0
3254 4
3255 3
3256 1
3257 0
3258 1
3259 0
3260 0
3261 0
3262 3
3263 1
3264 3
3265 0
3266 1
3267 4
3268 3
3269 3
3270 4
3271 2
3272 3
3273 1
3274 3
3275 0
3276 2
3277 2
3278 3
3279 0
3280 0
3281 0
3282 1
3283 1
3284 2
3285 2
3286 1
3287 4
3288 4
3289 3
3290 4
3291 1
3292 4
3293 2
3294 3
3295 1
3296 0
3297 3
3298 2
3299 1
3300 1
3301 4
3302 4
3303 2
3304 2
3305 2
3306 3
3307 3
3308 1
3309 0
3310 1
3311 4
3312 4
3313 2
3314 0
3315 0
3316 0
3317 4
3318 3
3319 1
3320 0
3321 2
3322 4
3323 0
3324 4
3325 4
3326 4
3327 4
3328 0
3329 1
3330 2
3331 1
3332 4
3333 3
3334 1
3335 3
3336 1
3337 1
3338 1
3339 1
3340 1
3341 4
3342 1
3343 3
3344 1
3345 1
3346 4
3347 0
3348 1
3349 2
3350 1
3351 1
3352 3
3353 0
3354 2
3355 4
3356 3
3357 4
3358 1
3359 3
3360 2
3361 3
3362 0
3363 4
3364 2
3365 3
3366 2
3367 1
3368 2
3369 3
3370 0
3371 3
3372 0
3373 0
3374 0
3375 2
3376 1
3377 3
3378 2
3379 3
3380 1
3381 2
3382 3
3383 0
3384 4
3385 0
3386 1
3387 0
3388 4
3389 0
3390 0
3391 4
3392 1
3393 0
3394 2
3395 0
3396 4
3397 1
3398 0
3399 0
3400 3
3401 4
3402 2
3403 3
3404 2
3405 1
3406 0
3407 3
3408 2
3409 4
3410 0
3411 0
3412 2
3413 2
3414 2
3415 3
3416 2
3417 2
3418 2
3419 3
3420 1
3421 1
3422 3
3423 0
3424 1
3425 2
3426 2
3427 4
3428 4
3429 4
3430 0
3431 4
3432 0
3433 1
3434 2
3435 2
3436 4
3437 3
3438 0
3439 3
3440 3
3441 0
3442 2
3443 3
3444 2
3445 3
3446 2
3447 3
3448 1
3449 3
3450 3
3451 3
3452 2
3453 3
3454 1
3455 3
3456 2
3457 2
3458 4
3459 1
3460 0
3461 2
3462 3
3463 0
3464 2
3465 2
3466 0
3467 0
3468 0
3469 4
3470 1
3471 0
3472 2
3473 2
3474 4
3475 1
3476 0
3477 4
3478 2
3479 2
3480 3
3481 0
3482 0
3483 0
3484 0
3485 3
3486 3
3487 4
3488 2
3489 0
3490 1
3491 3
3492 4
3493 3
3494 1
3495 3
3496 1
3497 4
3498 4
3499 0
3500 3
3501 4
3502 2
3503 2
3504 4
3505 2
3506 0
3507 3
3508 3
3509 1
3510 2
3511 4
3512 2
3513 2
3514 2
3515 1
3516 1
3517 3
3518 0
3519 4
3520 3
3521 1
3522 1
3523 4
3524 2
3525 2
3526 0
3527 2
3528 1
3529 3
3530 4
3531 2
3532 4
3533 4
3534 3
3535 0
3536 1
3537 4
3538 2
3539 0
3540 1
3541 4
3542 1
3543 1
3544 1
3545 0
3546 2
3547 3
3548 2
3549 4
3550 0
3551 2
3552 2
3553 0
3554 0
3555 3
3556 2
3557 2
3558 4
3559 0
3560 4
3561 1
3562 2
3563 0
3564 1
3565 0
3566 3
3567 2
3568 0
3569 2
3570 4
3571 1
3572 2
3573 3
3574 0
3575 4
3576 2
3577 1
3578 0
3579 0
3580 3
3581 1
3582 1
3583 4
3584 0
3585 1
3586 4
3587 3
3588 3
3589 3
3590 3
3591 4
3592 4
3593 3
3594 1
3595 2
3596 0
3597 2
3598 1
3599 1
3600 0
3601 3
3602 4
3603 4
3604 3
3605 2
3606 2
3607 1
3608 3
3609 2
3610 0
3611 4
3612 1
3613 4
3614 3
3615 0
3616 2
3617 1
3618 4
3619 4
3620 2
3621 3
3622 4
3623 2
3624 0
3625 1
3626 0
3627 4
3628 3
3629 3
3630 3
3631 0
3632 2
3633 4
3634 3
3635 1
3636 4
3637 0
3638 3
3639 3
3640 2
3641 4
3642 4
3643 4
3644 1
3645 4
3646 3
3647 3
3648 2
3649 2
3650 0
3651 0
3652 4
3653 3
3654 3
3655 1
3656 1
3657 4
3658 0
3659 1
3660 0
3661 0
3662 4
3663 0
3664 3
3665 3
3666 3
3667 3
3668 0
3669 1
3670 4
3671 0
3672 3
3673 3
3674 2
3675 0
3676 3
3677 4
3678 2
3679 0
3680 2
3681 3
3682 0
3683 1
3684 2
3685 1
3686 3
3687 4
3688 2
3689 1
3690 3
3691 4
3692 2
3693 3
3694 4
3695 4
3696 1
3697 4
3698 2
3699 2
3700 3
3701 3
3702 2
3703 4
3704 1
3705 0
3706 2
3707 4
3708 4
3709 3
3710 0
3711 4
3712 2
3713 3
3714 0
3715 4
3716 1
3717 4
3718 4
3719 0
3720 4
3721 2
3722 3
3723 0
3724 2
3725 1
3726 1
3727 2
3728 4
3729 3
3730 0
3731 1
3732 0
3733 4
3734 4
3735 4
3736 1
3737 4
3738 0
3739 1
3740 3
3741 0
3742 3
3743 1
3744 4
3745 4
3746 3
3747 2
3748 2
3749 4
3750 1
3751 1
3752 4
3753 2
3754 4
3755 0
3756 1
3757 0
3758 1
3759 1
3760 2
3761 0
3762 3
3763 0
3764 3
3765 4
3766 2
3767 1
3768 1
3769 0
3770 2
3771 2
3772 1
3773 3
3774 4
3775 0
3776 1
3777 2
3778 3
3779 2
3780 0
3781 1
3782 4
3783 0
3784 1
3785 3
3786 0
3787 1
3788 0
3789 4
3790 1
3791 3
3792 4
3793 3
3794 3
3795 3
3796 2
3797 1
3798 1
3799 3
3800 4
3801 0
3802 2
3803 4
3804 4
3805 3
3806 1
3807 3
3808 3
3809 2
3810 4
3811 1
3812 3
3813 2
3814 1
3815 2
3816 2
3817 2
3818 4
3819 2
3820 2
3821 1
3822 0
3823 0
3824 3
3825 2
3826 2
3827 2
3828 1
3829 3
3830 0
3831 1
3832 1
3833 1
3834 4
3835 2
3836 0
3837 1
3838 2
3839 1
3840 1
3841 3
3842 2
3843 1
3844 4
3845 4
3846 0
3847 4
3848 2
3849 1
3850 2
3851 2
3852 2
3853 4
3854 0
3855 3
3856 1
3857 4
3858 4
3859 2
3860 2
3861 2
3862 3
3863 4
3864 0
3865 1
3866 2
3867 3
3868 4
3869 2
3870 4
3871 0
3872 3
3873 0
3874 1
3875 3
3876 4
3877 3
3878 3
3879 2
3880 2
3881 4
3882 4
3883 4
3884 0
3885 4
3886 1
3887 4
3888 4
3889 4
3890 0
3891 3
3892 3
3893 4
3894 4
3895 1
3896 4
3897 0
3898 0
3899 4
3900 0
3901 1
3902 0
3903 4
3904 0
3905 3
3906 1
3907 1
3908 2
3909 2
3910 1
3911 4
3912 4
3913 2
3914 1
3915 2
3916 3
3917 2
3918 4
3919 1
3920 1
3921 4
3922 0
3923 3
3924 4
3925 3
3926 1
3927 3
3928 4
3929 2
3930 4
3931 4
3932 3
3933 2
3934 3
3935 3
3936 0
3937 4
3938 3
3939 3
3940 4
3941 3
3942 1
3943 1
3944 3
3945 1
3946 4
3947 4
3948 4
3949 4
3950 4
3951 1
3952 4
3953 4
3954 4
3955 4
3956 3
3957 3
3958 0
3959 3
3960 2
3961 0
3962 4
3963 4
3964 0
3965 2
3966 3
3967 0
3968 0
3969 3
3970 2
3971 0
3972 3
3973 2
3974 4
3975 3
3976 4
3977 4
3978 3
3979 4
3980 4
3981 1
3982 1
3983 3
3984 4
3985 4
3986 1
3987 2
3988 0
3989 2
3990 3
3991 2
3992 2
3993 2
3994 2
3995 1
3996 1
3997 4
3998 1
3999 4
4000 4
4001 0
4002 3
4003 3
4004 4
4005 4
4006 2
4007 0
4008 2
4009 4
4010 0
4011 1
4012 0
4013 1
4014 3
4015 2
4016 3
4017 3
4018 2
4019 1
4020 1
4021 2
4022 2
4023 1
4024 0
4025 1
4026 1
4027 2
4028 3
4029 0
4030 4
4031 3
4032 4
4033 1
4034 4
4035 3
4036 3
4037 3
4038 0
4039 2
4040 2
4041 2
4042 0
4043 1
4044 4
4045 1
4046 0
4047 1
4048 0
4049 1
4050 4
4051 1
4052 2
4053 2
4054 4
4055 2
4056 2
4057 1
4058 0
4059 3
4060 0
4061 2
4062 1
4063 3
4064 1
4065 4
4066 0
4067 1
4068 1
4069 4
4070 1
4071 2
4072 2
4073 0
4074 4
4075 2
4076 3
4077 1
4078 1
4079 3
4080 2
4081 2
4082 3
4083 1
4084 2
4085 0
4086 2
4087 3
4088 3
4089 4
4090 1
4091 3
4092 0
4093 3
4094 4
4095 3
4096 2
4097 1
4098 1
4099 1
4100 2
4101 0
4102 1
4103 0
4104 3
4105 0
4106 3
4107 2
4108 4
4109 1
4110 3
4111 0
4112 0
4113 2
4114 2
4115 0
4116 2
4117 2
4118 2
4119 4
4120 0
4121 4
4122 0
4123 4
4124 0
4125 3
4126 1
4127 0
4128 1
4129 1
4130 1
4131 3
4132 1
4133 0
4134 3
4135 2
4136 2
4137 4
4138 4
4139 2
4140 4
4141 3
4142 2
4143 1
4144 1
4145 3
4146 1
4147 1
4148 3
4149 1
4150 2
4151 0
4152 4
4153 0
4154 0
4155 0
4156 2
4157 0
4158 0
4159 1
4160 3
4161 4
4162 2
4163 1
4164 3
4165 3
4166 3
4167 4
4168 0
4169 0
4170 3
4171 0
4172 3
4173 0
4174 1
4175 4
4176 1
4177 1
4178 4
4179 0
4180 0
4181 2
4182 3
4183 3
4184 3
4185 2
4186 4
4187 3
4188 1
4189 0
4190 4
4191 4
4192 2
4193 4
4194 3
4195 4
4196 4
4197 0
4198 0
4199 3
4200 3
4201 3
4202 2
4203 0
4204 2
4205 0
4206 2
4207 1
4208 2
4209 2
4210 0
4211 3
4212 0
4213 1
4214 3
4215 0
4216 2
4217 4
4218 4
4219 2
4220 2
4221 2
4222 2
4223 1
4224 4
4225 0
4226 0
4227 0
4228 3
4229 3
4230 3
4231 0
4232 0
4233 3
4234 0
4235 1
4236 4
4237 1
4238 4
4239 2
4240 3
4241 4
4242 0
4243 2
4244 4
4245 1
4246 0
4247 3
4248 3
4249 4
4250 2
4251 1
4252 4
4253 2
4254 3
4255 3
4256 2
4257 2
4258 2
4259 3
4260 1
4261 0
4262 3
4263 2
4264 4
4265 1
4266 2
4267 3
4268 4
4269 3
4270 2
4271 1
4272 4
4273 3
4274 2
4275 1
4276 3
4277 3
4278 4
4279 1
4280 2
4281 3
4282 0
4283 4
4284 2
4285 2
4286 1
4287 1
4288 1
4289 3
4290 2
4291 4
4292 3
4293 4
4294 4
4295 2
4296 1
4297 0
4298 4
4299 2
4300 0
4301 4
4302 1
4303 2
4304 4
4305 1
4306 1
4307 2
4308 4
4309 3
4310 2
4311 1
4312 4
4313 0
4314 1
4315 4
4316 0
4317 0
4318 1
4319 2
4320 3
4321 0
4322 4
4323 1
4324 1
4325 3
4326 4
4327 2
4328 3
4329 3
4330 3
4331 1
4332 1
4333 2
4334 0
4335 4
4336 4
4337 0
4338 1
4339 3
4340 0
4341 3
4342 4
4343 0
4344 1
4345 4
4346 3
4347 2
4348 0
4349 4
4350 4
4351 2
4352 4
4353 3
4354 3
4355 4
4356 2
4357 3
4358 3
4359 0
4360 3
4361 2
4362 1
4363 3
4364 1
4365 3
4366 1
4367 2
4368 2
4369 4
4370 4
4371 1
4372 0
4373 4
4374 4
4375 1
4376 2
4377 4
4378 4
4379 1
4380 1
4381 3
4382 4
4383 2
4384 2
4385 1
4386 0
4387 0
4388 4
4389 4
4390 4
4391 2
4392 2
4393 3
4394 4
4395 3
4396 4
4397 2
4398 4
4399 4
4400 0
4401 0
4402 2
4403 2
4404 0
4405 1
4406 3
4407 1
4408 0
4409 0
4410 2
4411 4
4412 2
4413 0
4414 2
4415 4
4416 2
4417 4
4418 4
4419 3
4420 0
4421 2
4422 2
4423 2
4424 0
4425 0
4426 4
4427 3
4428 4
4429 3
4430 0
4431 1
4432 2
4433 0
4434 2
4435 4
4436 3
4437 4
4438 0
4439 4
4440 3
4441 0
4442 0
4443 2
4444 1
4445 3
4446 1
4447 4
4448 1
4449 2
4450 0
4451 2
4452 4
4453 3
4454 0
4455 1
4456 3
4457 0
4458 1
4459 1
4460 0
4461 3
4462 3
4463 0
4464 1
4465 3
4466 1
4467 2
4468 2
4469 2
4470 1
4471 3
4472 2
4473 2
4474 4
4475 3
4476 4
4477 1
4478 1
4479 3
4480 2
4481 3
4482 1
4483 0
4484 2
4485 3
4486 3
4487 4
4488 0
4489 2
4490 2
4491 4
4492 1
4493 3
4494 3
4495 3
4496 2
4497 2
4498 2
4499 0
4500 4
4501 3
4502 2
4503 1
4504 4
4505 1
4506 2
4507 0
4508 1
4509 4
4510 2
4511 3
4512 4
4513 0
4514 1
4515 3
4516 1
4517 0
4518 1
4519 2
4520 1
4521 0
4522 1
4523 1
4524 2
4525 1
4526 4
4527 3
4528 3
4529 0
4530 4
4531 1
4532 3
4533 0
4534 3
4535 2
4536 1
4537 1
4538 0
4539 1
4540 1
4541 0
4542 4
4543 4
4544 0
4545 0
4546 3
4547 2
4548 0
4549 2
4550 2
4551 0
4552 0
4553 2
4554 3
4555 0
4556 3
4557 1
4558 4
4559 2
4560 3
4561 2
4562 2
4563 4
4564 1
4565 3
4566 3
4567 3
4568 2
4569 4
4570 1
4571 0
4572 3
4573 1
4574 2
4575 0
4576 3
4577 3
4578 3
4579 0
4580 3
4581 1
4582 2
4583 1
4584 1
4585 4
4586 0
4587 3
4588 0
4589 4
4590 0
4591 3
4592 2
4593 4
4594 3
4595 0
4596 1
4597 1
4598 1
4599 4
4600 2
4601 4
4602 0
4603 4
4604 2
4605 2
4606 2
4607 0
4608 3
4609 3
4610 0
4611 4
4612 1
4613 4
4614 3
4615 1
4616 4
4617 0
4618 4
4619 2
4620 0
4621 1
4622 3
4623 0
4624 3
4625 0
4626 0
4627 2
4628 4
4629 0
4630 1
4631 1
4632 2
4633 3
4634 3
4635 4
4636 1
4637 4
4638 1
4639 4
4640 3
4641 0
4642 2
4643 1
4644 0
4645 2
4646 1
4647 0
4648 3
4649 0
4650 0
4651 1
4652 0
4653 2
4654 1
4655 1
4656 1
4657 4
4658 2
4659 2
4660 4
4661 3
4662 3
4663 4
4664 4
4665 3
4666 0
4667 3
4668 0
4669 1
4670 3
4671 3
4672 4
4673 3
4674 4
4675 2
4676 1
4677 1
4678 0
4679 2
4680 2
4681 0
4682 4
4683 4
4684 0
4685 1
4686 2
4687 1
4688 1
4689 0
4690 4
4691 1
4692 0
4693 0
4694 3
4695 0
4696 0
4697 1
4698 4
4699 3
4700 1
4701 2
4702 4
4703 3
4704 4
4705 1
4706 1
4707 3
4708 0
4709 3
4710 2
4711 4
4712 2
4713 2
4714 2
4715 1
4716 2
4717 0
4718 0
4719 3
4720 4
4721 3
4722 4
4723 4
4724 2
4725 4
4726 2
4727 0
4728 0
4729 1
4730 2
4731 1
4732 0
4733 1
4734 4
4735 3
4736 0
4737 1
4738 0
4739 4
4740 4
4741 0
4742 3
4743 4
4744 0
4745 3
4746 1
4747 3
4748 4
4749 1
4750 2
4751 1
4752 3
4753 3
4754 1
4755 4
4756 3
4757 0
4758 1
4759 2
4760 2
4761 2
4762 1
4763 3
4764 0
4765 3
4766 1
4767 4
4768 1
4769 2
4770 3
4771 2
4772 1
4773 1
4774 3
4775 2
4776 4
4777 2
4778 0
4779 4
4780 1
4781 4
4782 1
4783 2
4784 4
4785 0
4786 3
4787 1
4788 1
4789 1
4790 0
4791 1
4792 3
4793 3
4794 0
4795 1
4796 3
4797 4
4798 2
4799 2
4800 0
4801 0
4802 4
4803 4
4804 4
4805 0
4806 4
4807 3
4808 4
4809 1
4810 2
4811 0
4812 0
4813 4
4814 4
4815 1
4816 3
4817 4
4818 0
4819 4
4820 4
4821 4
4822 1
4823 2
4824 4
4825 1
4826 0
4827 3
4828 3
4829 3
4830 1
4831 2
4832 4
4833 1
4834 3
4835 0
4836 4
4837 2
4838 2
4839 2
4840 2
4841 0
4842 1
4843 4
4844 0
4845 0
4846 3
4847 0
4848 4
4849 4
4850 4
4851 1
4852 4
4853 2
4854 1
4855 1
4856 0
4857 3
4858 1
4859 0
4860 4
4861 4
4862 3
4863 3
4864 3
4865 3
4866 4
4867 0
4868 0
4869 4
4870 2
4871 0
4872 3
4873 1
4874 3
4875 3
4876 2
4877 3
4878 4
4879 3
4880 0
4881 4
4882 1
4883 3
4884 0
4885 3
4886 3
4887 1
4888 2
4889 0
4890 4
4891 3
4892 0
4893 2
4894 2
4895 0
4896 4
4897 1
4898 1
4899 2
4900 1
4901 3
4902 3
4903 1
4904 0
4905 0
4906 4
4907 0
4908 0
4909 4
4910 0
4911 4
4912 3
4913 0
4914 0
4915 2
4916 0
4917 2
4918 4
4919 4
4920 3
4921 3
4922 4
4923 2
4924 4
4925 2
4926 4
4927 1
4928 3
4929 2
4930 4
4931 2
4932 4
4933 0
4934 3
4935 3
4936 1
4937 0
4938 0
4939 3
4940 4
4941 0
4942 0
4943 2
4944 3
4945 2
4946 2
4947 4
4948 0
4949 1
4950 3
4951 4
4952 0
4953 3
4954 0
4955 1
4956 2
4957 2
4958 2
4959 0
4960 2
4961 2
4962 2
4963 3
4964 1
4965 2
4966 0
4967 0
4968 3
4969 2
4970 4
4971 2
4972 3
4973 0
4974 2
4975 1
4976 4
4977 3
4978 2
4979 3
4980 3
4981 3
4982 1
4983 0
4984 2
4985 2
4986 1
4987 2
4988 0
4989 1
4990 0
4991 0
4992 2
4993 4
4994 0
4995 1
4996 1
4997 1
4998 3
4999 1
5000 2
5001 3
5002 1
5003 4
5004 0
5005 3
5006 1
5007 3
5008 0
5009 4
5010 0
5011 3
5012 3
5013 4
5014 1
5015 2
5016 0
5017 2
5018 3
5019 0
5020 0
5021 1
5022 2
5023 2
5024 2
5025 2
5026 0
5027 4
5028 3
5029 4
5030 0
5031 4
5032 2
5033 4
5034 4
5035 4
5036 0
5037 4
5038 4
5039 1
5040 3
5041 3
5042 2
5043 2
5044 2
5045 0
5046 2
5047 2
5048 1
5049 4
5050 2
5051 3
5052 4
5053 2
5054 0
5055 1
5056 3
5057 3
5058 2
5059 4
5060 4
5061 4
5062 3
5063 2
5064 1
5065 4
5066 2
5067 3
5068 1
5069 3
5070 0
5071 0
5072 1
5073 2
5074 0
5075 0
5076 3
5077 3
5078 2
5079 4
5080 3
5081 4
5082 1
5083 3
5084 3
5085 4
5086 4
5087 2
5088 3
5089 1
5090 0
5091 1
5092 2
5093 4
5094 4
5095 1
5096 1
5097 4
5098 0
5099 4
5100 1
5101 1
5102 4
5103 4
5104 4
5105 2
5106 3
5107 1
5108 2
5109 4
5110 0
5111 4
5112 2
5113 3
5114 3
5115 1
5116 0
5117 0
5118 3
5119 1
5120 4
5121 4
5122 4
5123 3
5124 0
5125 2
5126 0
5127 1
5128 4
5129 1
5130 1
5131 1
5132 2
5133 4
5134 2
5135 3
5136 3
5137 0
5138 2
5139 2
5140 4
5141 3
5142 0
5143 1
5144 2
5145 3
5146 4
5147 3
5148 3
5149 2
5150 1
5151 2
5152 3
5153 2
5154 1
5155 2
5156 1
5157 2
5158 2
5159 0
5160 3
5161 3
5162 2
5163 2
5164 3
5165 1
5166 4
5167 2
5168 4
5169 2
5170 1
5171 2
5172 0
5173 2
5174 0
5175 4
5176 1
5177 4
5178 0
5179 1
5180 0
5181 3
5182 3
5183 4
5184 0
5185 3
5186 2
5187 1
5188 4
5189 0
5190 4
5191 1
5192 0
5193 1
5194 3
5195 4
5196 0
5197 2
5198 0
5199 2
5200 0
5201 2
5202 1
5203 1
5204 2
5205 1
5206 3
5207 3
5208 2
5209 3
5210 2
5211 0
5212 2
5213 0
5214 0
5215 4
5216 0
5217 1
5218 4
5219 2
5220 3
5221 2
5222 3
5223 3
5224 3
5225 1
5226 2
5227 0
5228 2
5229 4
5230 0
5231 1
5232 1
5233 1
5234 4
5235 4
5236 0
5237 2
5238 4
5239 3
5240 0
5241 4
5242 1
5243 4
5244 1
5245 4
5246 0
5247 3
5248 1
5249 1
5250 1
5251 3
5252 2
5253 3
5254 1
5255 0
5256 3
5257 1
5258 0
5259 1
5260 4
5261 2
5262 1
5263 4
5264 3
5265 4
5266 1
5267 3
5268 1
5269 3
5270 0
5271 0
5272 2
5273 4
5274 0
5275 3
5276 0
5277 4
5278 3
5279 2
5280 1
5281 3
5282 3
5283 1
5284 3
5285 0
5286 0
5287 2
5288 2
5289 2
5290 4
5291 2
5292 0
5293 0
5294 1
5295 4
5296 1
5297 4
5298 1
5299 3
5300 2
5301 4
5302 1
5303 0
5304 3
5305 4
5306 3
5307 0
5308 3
5309 4
5310 2
5311 3
5312 4
5313 4
5314 3
5315 1
5316 3
5317 3
5318 4
5319 0
5320 1
5321 3
5322 0
5323 2
5324 3
5325 0
5326 2
5327 3
5328 1
5329 0
5330 3
5331 0
5332 4
5333 3
5334 3
5335 4
5336 1
5337 4
5338 4
5339 4
5340 4
5341 4
5342 3
5343 3
5344 2
5345 0
5346 4
5347 2
5348 3
5349 2
5350 4
5351 4
5352 1
5353 1
5354 2
5355 3
5356 3
5357 1
5358 3
5359 4
5360 1
5361 2
5362 2
5363 3
5364 4
5365 1
5366 3
5367 2
5368 0
5369 0
5370 1
5371 2
5372 4
5373 3
5374 2
5375 1
5376 3
5377 4
5378 2
5379 0
5380 0
5381 3
5382 3
5383 4
5384 3
5385 0
5386 3
5387 0
5388 0
5389 2
5390 0
5391 3
5392 3
5393 4
5394 4
5395 0
5396 0
5397 2
5398 2
5399 2
5400 1
5401 1
5402 0
5403 2
5404 4
5405 2
5406 3
5407 3
5408 3
5409 4
5410 0
5411 3
5412 1
5413 3
5414 1
5415 3
5416 0
5417 2
5418 1
5419 2
5420 4
5421 1
5422 3
5423 1
5424 2
5425 1
5426 3
5427 4
5428 3
5429 0
5430 3
5431 2
5432 3
5433 4
5434 4
5435 2
5436 3
5437 4
5438 0
5439 3
5440 0
5441 2
5442 4
5443 1
5444 0
5445 4
5446 4
5447 0
5448 3
5449 1
5450 2
5451 2
5452 2
5453 4
5454 1
5455 0
5456 0
5457 3
5458 3
5459 2
5460 1
5461 3
5462 1
5463 2
5464 4
5465 2
5466 0
5467 0
5468 4
5469 0
5470 0
5471 2
5472 3
5473 4
5474 4
5475 3
5476 4
5477 0
5478 0
5479 4
5480 0
5481 2
5482 3
5483 4
5484 0
5485 4
5486 3
5487 1
5488 2
5489 2
5490 2
5491 3
5492 2
5493 3
5494 3
5495 2
5496 0
5497 1
5498 0
5499 3
5500 0
5501 3
5502 1
5503 0
5504 0
5505 1
5506 0
5507 4
5508 2
5509 2
5510 2
5511 2
5512 0
5513 3
5514 4
5515 4
5516 4
5517 1
5518 4
5519 0
5520 4
5521 1
5522 2
5523 2
5524 4
5525 2
5526 2
5527 2
5528 3
5529 1
5530 2
5531 0
5532 0
5533 1
5534 0
5535 4
5536 1
5537 2
5538 4
5539 4
5540 1
5541 2
5542 1
5543 0
5544 3
5545 1
5546 1
5547 2
5548 4
5549 0
5550 0
5551 3
5552 0
5553 3
5554 2
5555 2
5556 1
5557 2
5558 3
5559 3
5560 4
5561 0
5562 4
5563 2
5564 2
5565 2
5566 4
5567 3
5568 1
5569 3
5570 2
5571 0
5572 2
5573 2
5574 1
5575 1
5576 4
5577 4
5578 1
5579 0
5580 0
5581 2
5582 0
5583 2
5584 4
5585 0
5586 3
5587 2
5588 3
5589 2
5590 2
5591 1
5592 1
5593 4
5594 2
5595 4
5596 0
5597 4
5598 4
5599 4
5600 3
5601 1
5602 0
5603 2
5604 0
5605 1
5606 3
5607 4
5608 0
5609 3
5610 1
5611 4
5612 0
5613 0
5614 1
5615 2
5616 0
5617 0
5618 4
5619 2
5620 4
5621 0
5622 0
5623 2
5624 1
5625 1
5626 2
5627 0
5628 1
5629 3
5630 2
5631 4
5632 4
5633 3
5634 1
5635 0
5636 2
5637 1
5638 4
5639 1
5640 4
5641 4
5642 0
5643 0
5644 1
5645 3
5646 4
5647 4
5648 3
5649 1
5650 1
5651 4
5652 0
5653 1
5654 4
5655 4
5656 1
5657 3
5658 1
5659 0
5660 4
5661 4
5662 2
5663 2
5664 1
5665 2
5666 3
5667 4
5668 3
5669 4
5670 0
5671 1
5672 3
5673 3
5674 2
5675 3
5676 1
5677 3
5678 4
5679 4
5680 1
5681 0
5682 2
5683 3
5684 2
5685 4
5686 4
5687 4
5688 0
5689 2
5690 1
5691 2
5692 4
5693 4
5694 0
5695 0
5696 4
5697 1
5698 0
5699 2
5700 1
5701 4
5702 4
5703 3
5704 1
5705 3
5706 0
5707 0
5708 0
5709 1
5710 0
5711 2
5712 0
5713 2
5714 0
5715 0
5716 4
5717 1
5718 2
5719 2
5720 1
5721 1
5722 1
5723 0
5724 0
5725 3
5726 0
5727 4
5728 0
5729 0
5730 3
5731 3
5732 1
5733 0
5734 0
5735 3
5736 4
5737 1
5738 4
5739 0
5740 2
5741 3
5742 1
5743 2
5744 4
5745 4
5746 3
5747 3
5748 3
5749 1
5750 3
5751 1
5752 2
5753 1
5754 2
5755 2
5756 3
5757 4
5758 2
5759 2
5760 2
5761 0
5762 4
5763 2
5764 1
5765 1
5766 1
5767 1
5768 3
5769 0
5770 2
5771 0
5772 3
5773 3
5774 3
5775 4
5776 0
5777 2
5778 4
5779 4
5780 3
5781 2
5782 1
5783 0
5784 1
5785 4
5786 0
5787 0
5788 1
5789 0
5790 4
5791 0
5792 3
5793 0
5794 1
5795 2
5796 1
5797 3
5798 0
5799 4
5800 3
5801 0
5802 1
5803 3
5804 0
5805 2
5806 4
5807 3
5808 1
5809 2
5810 1
5811 0
5812 3
5813 1
5814 2
5815 1
5816 3
5817 0
5818 2
5819 0
5820 4
5821 4
5822 2
5823 2
5824 2
5825 3
5826 1
5827 2
5828 2
5829 0
5830 2
5831 3
5832 0
5833 1
5834 3
5835 3
5836 1
5837 3
5838 2
5839 2
5840 1
5841 3
5842 0
5843 0
5844 4
5845 0
5846 2
5847 1
5848 4
5849 2
5850 2
5851 0
5852 0
5853 0
5854 1
5855 4
5856 2
5857 3
5858 4
5859 2
5860 2
5861 1
5862 3
5863 1
5864 3
5865 0
5866 4
5867 1
5868 4
5869 0
5870 2
5871 4
5872 3
5873 2
5874 2
5875 4
5876 3
5877 4
5878 0
5879 4
5880 1
5881 3
5882 0
5883 2
5884 2
5885 4
5886 2
5887 3
5888 0
5889 2
5890 1
5891 2
5892 1
5893 0
5894 0
5895 2
5896 2
5897 3
5898 1
5899 0
5900 1
5901 3
5902 3
5903 0
5904 0
5905 1
5906 1
5907 0
5908 4
5909 4
5910 1
5911 3
5912 3
5913 0
5914 3
5915 1
5916 3
5917 0
5918 4
5919 2
5920 0
5921 0
5922 2
5923 3
5924 0
5925 2
5926 2
5927 4
5928 1
5929 0
5930 3
5931 0
5932 2
5933 0
5934 2
5935 4
5936 4
5937 2
5938 2
5939 0
5940 4
5941 1
5942 0
5943 1
5944 2
5945 4
5946 0
5947 2
5948 3
5949 3
5950 2
5951 0
5952 4
5953 3
5954 4
5955 0
5956 0
5957 3
5958 3
5959 4
5960 1
5961 1
5962 4
5963 0
5964 2
5965 3
5966 2
5967 2
5968 0
5969 3
5970 0
5971 2
5972 0
5973 0
5974 4
5975 4
5976 4
5977 0
5978 0
5979 2
5980 2
5981 4
5982 3
5983 3
5984 3
5985 2
5986 4
5987 3
5988 4
5989 1
5990 3
5991 1
5992 1
5993 1
5994 2
5995 3
5996 1
5997 0
5998 4
5999 0
6000 0
6001 0
6002 2
6003 1
6004 3
6005 3
6006 4
6007 4
6008 0
6009 4
6010 3
6011 4
6012 3
6013 4
6014 4
6015 1
6016 3
6017 2
6018 4
6019 2
6020 1
6021 2
6022 0
6023 1
6024 3
6025 2
6026 2
6027 3
6028 0
6029 1
6030 1
6031 3
6032 2
6033 4
6034 3
6035 4
6036 3
6037 3
6038 3
6039 4
6040 3
6041 2
6042 3
6043 2
6044 1
6045 3
6046 4
6047 0
6048 3
6049 4
6050 0
6051 0
6052 1
6053 4
6054 0
6055 0
6056 0
6057 0
6058 1
6059 0
6060 3
6061 2
6062 2
6063 2
6064 2
6065 0
6066 1
6067 0
6068 2
6069 1
6070 4
6071 2
6072 2
6073 0
6074 4
6075 4
6076 0
6077 2
6078 4
6079 2
6080 0
6081 3
6082 0
6083 2
6084 2
6085 1
6086 0
6087 0
6088 0
6089 3
6090 1
6091 2
6092 4
6093 2
6094 0
6095 1
6096 2
6097 3
6098 1
6099 3
6100 0
6101 1
6102 1
6103 4
6104 1
6105 3
6106 2
6107 0
6108 0
6109 0
6110 4
6111 1
6112 2
6113 3
6114 3
6115 0
6116 4
6117 3
6118 4
6119 3
6120 2
6121 1
6122 0
6123 2
6124 2
6125 1
6126 2
6127 4
6128 1
6129 4
6130 0
6131 0
6132 3
6133 0
6134 0
6135 4
6136 0
6137 1
6138 4
6139 3
6140 1
6141 2
6142 2
6143 4
6144 1
6145 1
6146 2
6147 4
6148 1
6149 0
6150 1
6151 3
6152 0
6153 4
6154 4
6155 0
6156 2
6157 0
6158 0
6159 3
6160 3
6161 0
6162 0
6163 4
6164 3
6165 2
6166 4
6167 0
6168 0
6169 3
6170 1
6171 2
6172 0
6173 0
6174 2
6175 0
6176 2
6177 1
6178 2
6179 4
6180 4
6181 0
6182 0
6183 0
6184 2
6185 0
6186 4
6187 2
6188 0
6189 1
6190 1
6191 0
6192 3
6193 2
6194 0
6195 0
6196 3
6197 4
6198 3
6199 4
6200 2
6201 0
6202 3
6203 1
6204 4
6205 0
6206 0
6207 1
6208 2
6209 2
6210 2
6211 4
6212 2
6213 3
6214 3
6215 4
6216 1
6217 1
6218 2
6219 4
6220 3
6221 4
6222 1
6223 3
6224 2
6225 1
6226 0
6227 1
6228 1
6229 2
6230 0
6231 4
6232 0
6233 3
6234 1
6235 1
6236 0
6237 4
6238 1
6239 0
6240 4
6241 4
6242 1
6243 3
6244 1
6245 2
6246 2
6247 4
6248 0
6249 2
6250 4
6251 2
6252 2
6253 2
6254 0
6255 2
6256 1
6257 1
6258 0
6259 4
6260 3
6261 0
6262 3
6263 4
6264 2
6265 3
6266 1
6267 4
6268 0
6269 3
6270 0
6271 4
6272 3
6273 0
6274 4
6275 1
6276 0
6277 1
6278 4
6279 1
6280 3
6281 2
6282 1
6283 2
6284 3
6285 3
6286 4
6287 2
6288 3
6289 3
6290 4
6291 1
6292 0
6293 1
6294 2
6295 4
6296 3
6297 3
6298 3
6299 1
6300 3
6301 1
6302 0
6303 1
6304 0
6305 3
6306 2
6307 2
6308 0
6309 3
6310 3
6311 3
6312 1
6313 0
6314 2
6315 1
6316 2
6317 0
6318 4
6319 4
6320 1
6321 1
6322 3
6323 2
6324 1
6325 4
6326 2
6327 1
6328 2
6329 3
6330 1
6331 0
6332 2
6333 4
6334 0
6335 3
6336 4
6337 2
6338 0
6339 1
6340 0
6341 2
6342 4
6343 2
6344 3
6345 1
6346 4
6347 0
6348 4
6349 3
6350 2
6351 0
6352 4
6353 1
6354 0
6355 1
6356 0
6357 1
6358 4
6359 4
6360 1
6361 3
6362 0
6363 4
6364 0
6365 4
6366 0
6367 3
6368 3
6369 3
6370 3
6371 4
6372 4
6373 1
6374 2
6375 2
6376 2
6377 4
6378 0
6379 2
6380 4
6381 3
6382 0
6383 2
6384 3
6385 1
6386 1
6387 4
6388 1
6389 3
6390 1
6391 3
6392 0
6393 3
6394 0
6395 4
6396 2
6397 4
6398 0
6399 0
6400 4
6401 1
6402 4
6403 3
6404 2
6405 0
6406 3
6407 4
6408 2
6409 3
6410 3
6411 0
6412 2
6413 4
6414 1
6415 4
6416 0
6417 1
6418 1
6419 2
6420 2
6421 3
6422 3
6423 1
6424 2
6425 3
6426 0
6427 0
6428 4
6429 4
6430 1
6431 2
6432 2
6433 3
6434 1
6435 4
6436 3
6437 4
6438 3
6439 3
6440 3
6441 3
6442 4
6443 3
6444 4
6445 1
6446 3
6447 2
6448 2
6449 3
6450 3
6451 0
6452 1
6453 4
6454 3
6455 0
6456 0
6457 2
6458 0
6459 1
6460 2
6461 1
6462 3
6463 0
6464 2
6465 3
6466 2
6467 4
6468 0
6469 4
6470 0
6471 0
6472 1
6473 2
6474 2
6475 4
6476 4
6477 0
6478 0
6479 1
6480 3
6481 3
6482 0
6483 1
6484 3
6485 2
6486 3
6487 4
6488 2
6489 4
6490 4
6491 0
6492 0
6493 2
6494 0
6495 1
6496 3
6497 2
6498 1
6499 2
6500 1
6501 3
6502 2
6503 3
6504 4
6505 2
6506 4
6507 0
6508 4
6509 0
6510 0
6511 3
6512 4
6513 0
6514 2
6515 0
6516 2
6517 3
6518 4
6519 3
6520 4
6521 4
6522 2
6523 2
6524 0
6525 3
6526 1
6527 3
6528 4
6529 3
6530 4
6531 0
6532 1
6533 3
6534 1
6535 1
6536 3
6537 2
6538 2
6539 0
6540 1
6541 3
6542 3
6543 4
6544 4
6545 0
6546 4
6547 4
6548 2
6549 4
6550 0
6551 4
6552 3
6553 3
6554 2
6555 3
6556 2
6557 4
6558 2
6559 3
6560 4
6561 2
6562 3
6563 4
6564 1
6565 3
6566 2
6567 3
6568 3
6569 0
6570 4
6571 0
6572 4
6573 1
6574 1
6575 3
6576 2
6577 4
6578 3
6579 0
6580 0
6581 0
6582 3
6583 3
6584 2
6585 3
6586 2
6587 0
6588 0
6589 0
6590 0
6591 2
6592 2
6593 4
6594 3
6595 4
6596 0
6597 1
6598 3
6599 4
6600 1
6601 0
6602 3
6603 3
6604 3
6605 2
6606 2
6607 3
6608 2
6609 3
6610 3
6611 0
6612 2
6613 1
6614 3
6615 3
6616 1
6617 2
6618 4
6619 0
6620 0
6621 1
6622 0
6623 2
6624 0
6625 4
6626 0
6627 2
6628 4
6629 1
6630 2
6631 4
6632 0
6633 2
6634 2
6635 1
6636 1
6637 0
6638 0
6639 1
6640 0
6641 1
6642 1
6643 4
6644 0
6645 2
6646 4
6647 0
6648 0
6649 4
6650 4
6651 2
6652 0
6653 4
6654 3
6655 2
6656 3
6657 4
6658 1
6659 0
6660 4
6661 1
6662 0
6663 1
6664 4
6665 3
6666 2
6667 2
6668 1
6669 4
6670 3
6671 3
6672 3
6673 1
6674 2
6675 1
6676 3
6677 4
6678 2
6679 1
6680 3
6681 2
6682 3
6683 2
6684 4
6685 2
6686 4
6687 3
6688 4
6689 1
6690 2
6691 1
6692 1
6693 1
6694 1
6695 3
6696 4
6697 1
6698 1
6699 4
6700 4
6701 0
6702 3
6703 2
6704 4
6705 1
6706 2
6707 1
6708 2
6709 2
6710 2
6711 3
6712 0
6713 3
6714 0
6715 0
6716 4
6717 2
6718 2
6719 1
6720 0
6721 2
6722 0
6723 0
6724 3
6725 2
6726 4
6727 0
6728 0
6729 4
6730 0
6731 2
6732 1
6733 2
6734 2
6735 1
6736 0
6737 4
6738 4
6739 1
6740 2
6741 3
6742 2
6743 2
6744 1
6745 2
6746 2
6747 1
6748 4
6749 3
6750 2
6751 1
6752 3
6753 3
6754 0
6755 1
6756 2
6757 4
6758 4
6759 4
6760 0
6761 1
6762 0
6763 1
6764 4
6765 0
6766 2
6767 4
6768 1
6769 4
6770 0
6771 1
6772 4
6773 1
6774 1
6775 0
6776 0
6777 0
6778 0
6779 4
6780 1
6781 4
6782 4
6783 0
6784 1
6785 4
6786 4
6787 1
6788 2
6789 1
6790 2
6791 1
6792 3
6793 1
6794 2
6795 2
6796 3
6797 2
6798 1
6799 4
6800 3
6801 3
6802 4
6803 0
6804 2
6805 2
6806 3
6807 3
6808 3
6809 2
6810 3
6811 2
6812 3
6813 0
6814 4
6815 3
6816 4
6817 0
6818 3
6819 1
6820 1
6821 1
6822 4
6823 0
6824 3
6825 0
6826 3
6827 3
6828 3
6829 0
6830 0
6831 0
6832 4
6833 0
6834 4
6835 1
6836 4
6837 1
6838 1
6839 3
6840 1
6841 0
6842 4
6843 4
6844 0
6845 1
6846 1
6847 3
6848 4
6849 0
6850 4
6851 4
6852 3
6853 4
6854 4
6855 4
6856 4
6857 0
6858 0
6859 2
6860 4
6861 3
6862 1
6863 1
6864 2
6865 2
6866 4
6867 1
6868 4
6869 4
6870 4
6871 1
6872 4
6873 2
6874 1
6875 1
6876 0
6877 2
6878 3
6879 2
6880 0
6881 2
6882 1
6883 1
6884 4
6885 3
6886 2
6887 1
6888 2
6889 0
6890 0
6891 3
6892 0
6893 4
6894 4
6895 4
6896 1
6897 0
6898 3
6899 3
6900 0
6901 4
6902 3
6903 2
6904 0
6905 1
6906 1
6907 0
6908 2
6909 2
6910 2
6911 3
6912 4
6913 4
6914 2
6915 1
6916 2
6917 4
6918 1
6919 4
6920 2
6921 3
6922 3
6923 1
6924 3
6925 1
6926 0
6927 3
6928 3
6929 2
6930 2
6931 1
6932 2
6933 2
6934 3
6935 0
6936 3
6937 1
6938 0
6939 3
6940 3
6941 0
6942 0
6943 3
6944 1
6945 0
6946 1
6947 3
6948 0
6949 1
6950 2
6951 1
6952 0
6953 0
6954 1
6955 2
6956 4
6957 2
6958 3
6959 1
6960 4
6961 2
6962 2
6963 0
6964 2
6965 3
6966 3
6967 2
6968 1
6969 2
6970 3
6971 0
6972 0
6973 4
6974 0
6975 1
6976 3
6977 2
6978 2
6979 0
6980 3
6981 1
6982 0
6983 1
6984 0
6985 4
6986 2
6987 3
6988 2
6989 4
6990 4
6991 2
6992 0
6993 3
6994 1
6995 2
6996 0
6997 1
6998 4
6999 1
7000 3
7001 4
7002 0
7003 2
7004 4
7005 3
7006 2
7007 1
7008 0
7009 4
7010 3
7011 1
7012 2
7013 2
7014 1
7015 3
7016 2
7017 1
7018 1
7019 1
7020 0
7021 2
7022 3
7023 4
7024 0
7025 1
7026 0
7027 0
7028 1
7029 0
7030 3
7031 2
7032 3
7033 2
7034 1
7035 3
7036 2
7037 3
7038 3
7039 0
7040 1
7041 1
7042 2
7043 2
7044 3
7045 3
7046 3
7047 4
7048 0
7049 4
7050 2
7051 4
7052 4
7053 0
7054 0
7055 0
7056 0
7057 3
7058 4
7059 4
7060 0
7061 2
7062 3
7063 2
7064 0
7065 3
7066 3
7067 3
7068 0
7069 2
7070 1
7071 2
7072 1
7073 4
7074 2
7075 3
7076 4
7077 4
7078 1
7079 3
7080 1
7081 2
7082 4
7083 3
7084 2
7085 2
7086 4
7087 2
7088 1
7089 2
7090 4
7091 4
7092 3
7093 0
7094 0
7095 4
7096 4
7097 3
7098 4
7099 1
7100 1
7101 0
7102 1
7103 2
7104 0
7105 3
7106 3
7107 4
7108 0
7109 2
7110 1
7111 4
7112 1
7113 0
7114 3
7115 3
7116 0
7117 1
7118 0
7119 3
7120 3
7121 4
7122 1
7123 0
7124 4
7125 2
7126 0
7127 1
7128 1
7129 1
7130 2
7131 4
7132 1
7133 0
7134 2
7135 0
7136 0
7137 2
7138 2
7139 2
7140 4
7141 3
7142 4
7143 1
7144 3
7145 2
7146 1
7147 4
7148 3
7149 2
7150 3
7151 3
7152 3
7153 4
7154 2
7155 3
7156 4
7157 3
7158 0
7159 2
7160 3
7161 0
7162 4
7163 4
7164 4
7165 4
7166 4
7167 1
7168 4
7169 2
7170 3
7171 0
7172 3
7173 3
7174 0
7175 4
7176 0
7177 3
7178 0
7179 2
7180 4
7181 0
7182 2
7183 3
7184 0
7185 0
7186 4
7187 1
7188 3
7189 0
7190 4
7191 4
7192 0
7193 0
7194 1
7195 0
7196 4
7197 1
7198 2
7199 3
7200 2
7201 0
7202 2
7203 2
7204 4
7205 1
7206 0
7207 4
7208 2
7209 3
7210 4
7211 0
7212 0
7213 1
7214 3
7215 1
7216 2
7217 0
7218 3
7219 3
7220 0
7221 2
7222 4
7223 0
7224 3
7225 2
7226 1
7227 2
7228 4
7229 0
7230 0
7231 0
7232 1
7233 2
7234 1
7235 2
7236 0
7237 3
7238 1
7239 0
7240 1
7241 0
7242 4
7243 4
7244 4
7245 0
7246 4
7247 4
7248 1
7249 3
7250 0
7251 0
7252 4
7253 0
7254 3
7255 3
7256 0
7257 1
7258 3
7259 0
7260 0
7261 0
7262 0
7263 4
7264 1
7265 1
7266 2
7267 1
7268 1
7269 1
7270 1
7271 0
7272 1
7273 0
7274 1
7275 1
7276 1
7277 2
7278 3
7279 1
7280 4
7281 0
7282 2
7283 2
7284 0
7285 0
7286 0
7287 4
7288 2
7289 2
7290 1
7291 2
7292 3
7293 0
7294 1
7295 1
7296 0
7297 1
7298 4
7299 4
7300 4
7301 0
7302 3
7303 2
7304 2
7305 2
7306 4
7307 3
7308 1
7309 0
7310 2
7311 1
7312 1
7313 3
7314 0
7315 3
7316 0
7317 3
7318 1
7319 2
7320 0
7321 1
7322 3
7323 2
7324 4
7325 2
7326 4
7327 0
7328 3
7329 2
7330 4
7331 2
7332 1
7333 0
7334 2
7335 3
7336 1
7337 2
7338 3
7339 0
7340 3
7341 4
7342 3
7343 3
7344 1
7345 4
7346 0
7347 4
7348 4
7349 1
7350 0
7351 2
7352 4
7353 3
7354 3
7355 3
7356 3
7357 3
7358 4
7359 3
7360 2
7361 1
7362 4
7363 1
7364 0
7365 1
7366 2
7367 1
7368 1
7369 4
7370 1
7371 3
7372 1
7373 0
7374 1
7375 4
7376 3
7377 0
7378 2
7379 2
7380 1
7381 3
7382 1
7383 4
7384 1
7385 2
7386 2
7387 3
7388 1
7389 4
7390 0
7391 0
7392 4
7393 3
7394 0
7395 4
7396 0
7397 4
7398 1
7399 4
7400 0
7401 0
7402 4
7403 1
7404 1
7405 4
7406 4
7407 1
7408 3
7409 2
7410 0
7411 0
7412 1
7413 4
7414 0
7415 4
7416 1
7417 0
7418 4
7419 2
7420 3
7421 4
7422 1
7423 0
7424 3
7425 0
7426 1
7427 0
7428 0
7429 0
7430 1
7431 1
7432 0
7433 1
7434 3
7435 2
7436 2
7437 2
7438 1
7439 3
7440 3
7441 0
7442 3
7443 0
7444 4
7445 1
7446 1
7447 0
7448 2
7449 2
7450 4
7451 3
7452 1
7453 1
7454 3
7455 1
7456 0
7457 0
7458 0
7459 0
7460 4
7461 4
7462 1
7463 2
7464 4
7465 1
7466 2
7467 1
7468 4
7469 1
7470 3
7471 1
7472 0
7473 2
7474 4
7475 2
7476 4
7477 3
7478 0
7479 1
7480 2
7481 0
7482 2
7483 0
7484 1
7485 3
7486 1
7487 3
7488 3
7489 1
7490 2
7491 3
7492 0
7493 2
7494 3
7495 3
7496 4
7497 1
7498 2
7499 3
7500 2
7501 0
7502 0
7503 3
7504 3
7505 0
7506 2
7507 4
7508 0
7509 4
7510 0
7511 1
7512 1
7513 1
7514 3
7515 1
7516 4
7517 2
7518 4
7519 2
7520 1
7521 3
7522 1
7523 1
7524 2
7525 3
7526 0
7527 3
7528 1
7529 0
7530 3
7531 3
7532 3
7533 3
7534 3
7535 4
7536 4
7537 3
7538 0
7539 2
7540 0
7541 2
7542 4
7543 3
7544 4
7545 2
7546 1
7547 2
7548 2
7549 2
7550 0
7551 1
7552 3
7553 3
7554 0
7555 3
7556 2
7557 0
7558 2
7559 3
7560 3
7561 0
7562 4
7563 2
7564 2
7565 1
7566 3
7567 1
7568 4
7569 3
7570 1
7571 4
7572 1
7573 0
7574 0
7575 2
7576 1
7577 4
7578 1
7579 2
7580 3
7581 2
7582 0
7583 1
7584 2
7585 4
7586 2
7587 0
7588 2
7589 2
7590 0
7591 4
7592 2
7593 2
7594 0
7595 0
7596 0
7597 4
7598 3
7599 1
7600 1
7601 0
7602 4
7603 0
7604 1
7605 1
7606 1
7607 3
7608 3
7609 1
7610 0
7611 0
7612 0
7613 4
7614 1
7615 2
7616 3
7617 1
7618 1
7619 0
7620 0
7621 2
7622 0
7623 4
7624 3
7625 3
7626 1
7627 1
7628 0
7629 4
7630 3
7631 2
7632 1
7633 0
7634 1
7635 4
7636 3
7637 4
7638 0
7639 3
7640 3
7641 2
7642 4
7643 4
7644 3
7645 2
7646 4
7647 1
7648 1
7649 3
7650 2
7651 2
7652 0
7653 2
7654 3
7655 1
7656 2
7657 0
7658 0
7659 4
7660 4
7661 0
7662 3
7663 4
7664 3
7665 2
7666 1
7667 3
7668 4
7669 2
7670 0
7671 3
7672 0
7673 2
7674 3
7675 2
7676 2
7677 2
7678 3
7679 4
7680 1
7681 1
7682 1
7683 3
7684 2
7685 3
7686 4
7687 3
7688 0
7689 0
7690 3
7691 3
7692 3
7693 2
7694 1
7695 1
7696 1
7697 0
7698 3
7699 2
7700 3
7701 0
7702 3
7703 4
7704 3
7705 4
7706 0
7707 1
7708 1
7709 3
7710 3
7711 3
7712 4
7713 1
7714 1
7715 0
7716 3
7717 0
7718 2
7719 3
7720 4
7721 2
7722 0
7723 1
7724 1
7725 1
7726 3
7727 2
7728 1
7729 2
7730 0
7731 0
7732 1
7733 1
7734 2
7735 1
7736 4
7737 1
7738 0
7739 1
7740 1
7741 4
7742 1
7743 2
7744 1
7745 2
7746 4
7747 0
7748 4
7749 4
7750 3
7751 0
7752 4
7753 3
7754 2
7755 1
7756 4
7757 2
7758 0
7759 0
7760 1
7761 1
7762 2
7763 0
7764 2
7765 4
7766 1
7767 4
7768 2
7769 2
7770 0
7771 1
7772 0
7773 0
7774 2
7775 4
7776 3
7777 2
7778 3
7779 4
7780 4
7781 0
7782 4
7783 2
7784 1
7785 2
7786 2
7787 2
7788 4
7789 4
7790 2
7791 4
7792 2
7793 4
7794 0
7795 2
7796 3
7797 1
7798 2
7799 2
7800 2
7801 1
7802 1
7803 3
7804 4
7805 2
7806 4
7807 1
7808 1
7809 4
7810 4
7811 0
7812 4
7813 0
7814 0
7815 4
7816 4
7817 0
7818 0
7819 4
7820 1
7821 3
7822 4
7823 4
7824 3
7825 2
7826 4
7827 2
7828 0
7829 1
7830 3
7831 1
7832 2
7833 3
7834 2
7835 4
7836 4
7837 2
7838 2
7839 2
7840 2
7841 4
7842 0
7843 3
7844 2
7845 0
7846 3
7847 1
7848 4
7849 4
7850 2
7851 1
7852 2
7853 0
7854 0
7855 0
7856 0
7857 2
7858 0
7859 3
7860 2
7861 1
7862 2
7863 0
7864 3
7865 3
7866 2
7867 2
7868 2
7869 2
7870 0
7871 2
7872 0
7873 0
7874 0
7875 4
7876 4
7877 3
7878 0
7879 0
7880 3
7881 2
7882 2
7883 4
7884 2
7885 2
7886 4
7887 4
7888 2
7889 2
7890 1
7891 4
7892 4
7893 4
7894 3
7895 0
7896 1
7897 3
7898 3
7899 3
7900 4
7901 4
7902 3
7903 2
7904 2
7905 1
7906 1
7907 2
7908 0
7909 3
7910 4
7911 4
7912 1
7913 0
7914 0
7915 0
7916 0
7917 4
7918 4
7919 1
7920 4
7921 4
7922 3
7923 4
7924 3
7925 2
7926 3
7927 3
7928 1
7929 1
7930 0
7931 3
7932 3
7933 2
7934 0
7935 2
7936 2
7937 3
7938 1
7939 3
7940 3
7941 1
7942 2
7943 3
7944 3
7945 4
7946 3
7947 1
7948 2
7949 2
7950 1
7951 4
7952 1
7953 3
7954 2
7955 2
7956 3
7957 0
7958 4
7959 0
7960 2
7961 4
7962 3
7963 3
7964 2
7965 2
7966 0
7967 0
7968 3
7969 3
7970 2
7971 4
7972 1
7973 3
7974 4
7975 2
7976 1
7977 1
7978 3
7979 0
7980 3
7981 1
7982 4
7983 2
7984 0
7985 4
7986 4
7987 2
7988 1
7989 2
7990 1
7991 1
7992 4
7993 0
7994 4
7995 4
7996 3
7997 3
7998 0
7999 2
8000 4
8001 0
8002 4
8003 1
8004 0
8005 2
8006 3
8007 3
8008 0
8009 1
8010 0
8011 4
8012 1
8013 2
8014 2
8015 3
8016 3
8017 4
8018 3
8019 4
8020 0
8021 4
8022 1
8023 4
8024 2
8025 0
8026 1
8027 2
8028 1
8029 1
8030 1
8031 4
8032 3
8033 2
8034 3
8035 3
8036 2
8037 4
8038 0
8039 4
8040 2
8041 3
8042 4
8043 4
8044 0
8045 0
8046 4
8047 0
8048 4
8049 2
8050 2
8051 4
8052 2
8053 2
8054 0
8055 0
8056 0
8057 1
8058 0
8059 1
8060 3
8061 2
8062 4
8063 1
8064 2
8065 0
8066 0
8067 3
8068 1
8069 0
8070 0
8071 2
8072 1
8073 4
8074 2
8075 3
8076 0
8077 1
8078 3
8079 3
8080 4
8081 0
8082 4
8083 1
8084 3
8085 4
8086 2
8087 2
8088 1
8089 0
8090 3
8091 2
8092 4
8093 0
8094 0
8095 3
8096 4
8097 0
8098 0
8099 1
8100 2
8101 1
8102 0
8103 3
8104 2
8105 0
8106 2
8107 1
8108 2
8109 0
8110 3
8111 3
8112 3
8113 1
8114 1
8115 2
8116 1
8117 4
8118 0
8119 3
8120 1
8121 1
8122 2
8123 2
8124 4
8125 4
8126 2
8127 1
8128 3
8129 3
8130 4
8131 3
8132 2
8133 3
8134 4
8135 1
8136 0
8137 4
8138 4
8139 2
8140 4
8141 3
8142 1
8143 2
8144 1
8145 3
8146 2
8147 3
8148 1
8149 0
8150 3
8151 0
8152 3
8153 3
8154 1
8155 3
8156 4
8157 1
8158 0
8159 0
8160 4
8161 2
8162 0
8163 2
8164 3
8165 1
8166 3
8167 2
8168 1
8169 1
8170 0
8171 0
8172 4
8173 4
8174 1
8175 2
8176 4
8177 2
8178 2
8179 0
8180 0
8181 0
8182 3
8183 3
8184 3
8185 0
8186 1
8187 0
8188 0
8189 1
8190 4
8191 2
8192 0
8193 3
8194 2
8195 3
8196 2
8197 0
8198 0
8199 4
8200 0
8201 3
8202 1
8203 3
8204 3
8205 0
8206 0
8207 1
8208 3
8209 4
8210 3
8211 1
8212 2
8213 4
8214 4
8215 3
8216 0
8217 2
8218 0
8219 3
8220 3
8221 0
8222 2
8223 1
8224 2
8225 1
8226 3
8227 4
8228 2
8229 0
8230 2
8231 2
8232 4
8233 1
8234 2
8235 1
8236 4
8237 0
8238 3
8239 4
8240 2
8241 4
8242 0
8243 0
8244 2
8245 2
8246 2
8247 1
8248 1
8249 2
8250 4
8251 1
8252 0
8253 0
8254 0
8255 3
8256 3
8257 0
8258 4
8259 3
8260 4
8261 0
8262 2
8263 0
8264 3
8265 4
8266 4
8267 2
8268 1
8269 3
8270 1
8271 1
8272 3
8273 0
8274 3
8275 1
8276 0
8277 1
8278 2
8279 2
8280 2
8281 4
8282 0
8283 0
8284 2
8285 0
8286 1
8287 4
8288 4
8289 3
8290 3
8291 4
8292 3
8293 4
8294 2
8295 0
8296 4
8297 2
8298 0
8299 1
8300 2
8301 3
8302 3
8303 2
8304 3
8305 0
8306 1
8307 4
8308 4
8309 1
8310 3
8311 2
8312 0
8313 3
8314 2
8315 4
8316 1
8317 3
8318 1
8319 2
8320 1
8321 3
8322 2
8323 3
8324 0
8325 3
8326 4
8327 1
8328 1
8329 2
8330 0
8331 1
8332 3
8333 4
8334 2
8335 1
8336 1
8337 2
8338 1
8339 3
8340 1
8341 1
8342 3
8343 0
8344 3
8345 2
8346 0
8347 4
8348 4
8349 1
8350 2
8351 1
8352 2
8353 2
8354 1
8355 3
8356 0
8357 4
8358 4
8359 0
8360 4
8361 4
8362 2
8363 3
8364 4
8365 1
8366 1
8367 1
8368 2
8369 2
8370 0
8371 0
8372 3
8373 1
8374 4
8375 2
8376 1
8377 0
8378 2
8379 1
8380 0
8381 4
8382 2
8383 0
8384 4
8385 3
8386 0
8387 2
8388 2
8389 4
8390 3
8391 3
8392 2
8393 0
8394 1
8395 2
8396 0
8397 1
8398 3
8399 4
8400 1
8401 4
8402 0
8403 2
8404 0
8405 4
8406 1
8407 4
8408 4
8409 2
8410 3
8411 4
8412 0
8413 1
8414 1
8415 2
8416 2
8417 3
8418 2
8419 2
8420 0
8421 0
8422 0
8423 4
8424 3
8425 4
8426 3
8427 2
8428 0
8429 2
8430 2
8431 2
8432 1
8433 0
8434 4
8435 1
8436 3
8437 4
8438 0
8439 3
8440 3
8441 3
8442 2
8443 3
8444 1
8445 3
8446 2
8447 4
8448 0
8449 2
8450 1
8451 4
8452 2
8453 0
8454 3
8455 3
8456 3
8457 0
8458 4
8459 1
8460 4
8461 3
8462 0
8463 3
8464 4
8465 1
8466 2
8467 1
8468 0
8469 3
8470 3
8471 0
8472 3
8473 3
8474 3
8475 0
8476 1
8477 2
8478 2
8479 1
8480 3
8481 3
8482 4
8483 3
8484 1
8485 0
8486 4
8487 1
8488 0
8489 2
8490 2
8491 4
8492 3
8493 1
8494 4
8495 1
8496 4
8497 4
8498 3
8499 1
8500 2
8501 1
8502 2
8503 2
8504 0
8505 2
8506 4
8507 4
8508 4
8509 2
8510 1
8511 4
8512 1
8513 4
8514 4
8515 1
8516 0
8517 3
8518 0
8519 2
8520 2
8521 2
8522 3
8523 2
8524 3
8525 2
8526 2
8527 1
8528 0
8529 1
8530 2
8531 2
8532 1
8533 0
8534 4
8535 0
8536 1
8537 2
8538 3
8539 4
8540 4
8541 3
8542 3
8543 1
8544 0
8545 3
8546 1
8547 1
8548 4
8549 3
8550 4
8551 0
8552 0
8553 3
8554 4
8555 1
8556 1
8557 2
8558 4
8559 3
8560 4
8561 2
8562 2
8563 4
8564 1
8565 0
8566 2
8567 0
8568 2
8569 2
8570 4
8571 0
8572 0
8573 1
8574 3
8575 1
8576 2
8577 1
8578 3
8579 1
8580 4
8581 2
8582 3
8583 1
8584 2
8585 3
8586 3
8587 2
8588 1
8589 0
8590 0
8591 3
8592 0
8593 3
8594 4
8595 2
8596 4
8597 1
8598 4
8599 4
8600 3
8601 1
8602 2
8603 3
8604 4
8605 0
8606 0
8607 4
8608 2
8609 1
8610 1
8611 2
8612 0
8613 1
8614 2
8615 3
8616 2
8617 1
8618 3
8619 2
8620 1
8621 0
8622 0
8623 0
8624 1
8625 2
8626 2
8627 2
8628 4
8629 0
8630 1
8631 3
8632 0
8633 4
8634 4
8635 0
8636 2
8637 1
8638 2
8639 0
8640 1
8641 2
8642 1
8643 0
8644 0
8645 0
8646 1
8647 0
8648 1
8649 4
8650 0
8651 1
8652 0
8653 1
8654 2
8655 2
8656 0
8657 3
8658 4
8659 4
8660 0
8661 2
8662 1
8663 1
8664 4
8665 2
8666 3
8667 2
8668 3
8669 0
8670 4
8671 3
8672 3
8673 3
8674 1
8675 0
8676 3
8677 4
8678 4
8679 1
8680 2
8681 2
8682 3
8683 4
8684 4
8685 0
8686 2
8687 0
8688 0
8689 2
8690 1
8691 3
8692 3
8693 3
8694 3
8695 1
8696 0
8697 3
8698 4
8699 0
8700 1
8701 2
8702 0
8703 4
8704 3
8705 2
8706 4
8707 3
8708 0
8709 0
8710 2
8711 3
8712 2
8713 0
8714 3
8715 1
8716 2
8717 0
8718 3
8719 3
8720 2
8721 3
8722 2
8723 4
8724 2
8725 1
8726 4
8727 1
8728 4
8729 2
8730 4
8731 4
8732 4
8733 0
8734 3
8735 4
8736 0
8737 1
8738 1
8739 0
8740 0
8741 2
8742 3
8743 4
8744 4
8745 1
8746 2
8747 3
8748 3
8749 2
8750 1
8751 4
8752 0
8753 0
8754 4
8755 4
8756 0
8757 2
8758 1
8759 0
8760 2
8761 3
8762 3
8763 0
8764 3
8765 0
8766 0
8767 4
8768 4
8769 0
8770 3
8771 0
8772 3
8773 2
8774 3
8775 0
8776 3
8777 4
8778 3
8779 3
8780 2
8781 0
8782 2
8783 0
8784 0
8785 3
8786 2
8787 3
8788 4
8789 0
8790 0
8791 3
8792 4
8793 1
8794 0
8795 4
8796 1
8797 4
8798 1
8799 3
8800 3
8801 0
8802 4
8803 1
8804 3
8805 2
8806 2
8807 0
8808 0
8809 2
8810 4
8811 2
8812 1
8813 2
8814 2
8815 4
8816 2
8817 3
8818 0
8819 4
8820 3
8821 3
8822 0
8823 2
8824 1
8825 1
8826 3
8827 3
8828 1
8829 4
8830 4
8831 1
8832 1
8833 1
8834 4
8835 4
8836 1
8837 1
8838 1
8839 0
8840 0
8841 3
8842 1
8843 0
8844 4
8845 2
8846 0
8847 4
8848 4
8849 0
8850 2
8851 4
8852 3
8853 4
8854 4
8855 4
8856 3
8857 1
8858 2
8859 2
8860 2
8861 3
8862 0
8863 4
8864 1
8865 2
8866 2
8867 4
8868 1
8869 0
8870 4
8871 4
8872 0
8873 2
8874 0
8875 0
8876 0
8877 2
8878 4
8879 0
8880 0
8881 1
8882 2
8883 3
8884 1
8885 1
8886 1
8887 1
8888 1
8889 1
8890 2
8891 4
8892 1
8893 1
8894 3
8895 2
8896 4
8897 2
8898 1
8899 4
8900 3
8901 1
8902 3
8903 2
8904 0
8905 0
8906 2
8907 0
8908 1
8909 1
8910 0
8911 1
8912 4
8913 3
8914 1
8915 4
8916 2
8917 3
8918 3
8919 4
8920 0
8921 1
8922 3
8923 2
8924 3
8925 1
8926 2
8927 4
8928 4
8929 3
8930 2
8931 4
8932 3
8933 3
8934 4
8935 1
8936 1
8937 2
8938 2
8939 4
8940 4
8941 2
8942 3
8943 1
8944 3
8945 3
8946 1
8947 0
8948 4
8949 2
8950 3
8951 4
8952 0
8953 0
8954 4
8955 4
8956 3
8957 4
8958 1
8959 4
8960 2
8961 2
8962 2
8963 0
8964 1
8965 3
8966 1
8967 2
8968 0
8969 4
8970 2
8971 1
8972 2
8973 4
8974 3
8975 1
8976 0
8977 3
8978 1
8979 0
8980 3
8981 3
8982 3
8983 4
8984 2
8985 2
8986 0
8987 4
8988 3
8989 2
8990 0
8991 3
8992 3
8993 0
8994 2
8995 0
8996 0
8997 4
8998 2
8999 1
9000 3
9001 4
9002 4
9003 4
9004 2
9005 1
9006 3
9007 1
9008 1
9009 1
9010 4
9011 1
9012 1
9013 0
9014 1
9015 1
9016 2
9017 0
9018 1
9019 0
9020 0
9021 4
9022 2
9023 2
9024 3
9025 2
9026 0
9027 1
9028 4
9029 4
9030 2
9031 0
9032 2
9033 4
9034 1
9035 4
9036 1
9037 2
9038 1
9039 2
9040 1
9041 3
9042 4
9043 4
9044 3
9045 3
9046 0
9047 0
9048 2
9049 2
9050 3
9051 1
9052 0
9053 0
9054 3
9055 0
9056 2
9057 1
9058 3
9059 3
9060 1
9061 0
9062 0
9063 1
9064 2
9065 0
9066 0
9067 1
9068 1
9069 4
9070 4
9071 1
9072 3
9073 3
9074 4
9075 4
9076 1
9077 1
9078 2
9079 2
9080 1
9081 1
9082 0
9083 2
9084 0
9085 3
9086 1
9087 2
9088 2
9089 3
9090 1
9091 4
9092 1
9093 2
9094 2
9095 4
9096 1
9097 4
9098 0
9099 0
9100 0
9101 4
9102 4
9103 4
9104 0
9105 0
9106 4
9107 2
9108 0
9109 4
9110 2
9111 3
9112 0
9113 3
9114 2
9115 0
9116 2
9117 3
9118 3
9119 0
9120 1
9121 1
9122 3
9123 4
9124 1
9125 2
9126 2
9127 0
9128 4
9129 0
9130 4
9131 0
9132 4
9133 4
9134 3
9135 1
9136 0
9137 1
9138 4
9139 1
9140 0
9141 0
9142 1
9143 3
9144 1
9145 2
9146 1
9147 3
9148 1
9149 1
9150 2
9151 3
9152 3
9153 2
9154 2
9155 1
9156 1
9157 3
9158 1
9159 1
9160 1
9161 0
9162 3
9163 3
9164 2
9165 2
9166 0
9167 3
9168 0
9169 2
9170 3
9171 0
9172 4
9173 3
9174 0
9175 4
9176 2
9177 3
9178 0
9179 1
9180 2
9181 2
9182 0
9183 3
9184 2
9185 3
9186 2
9187 0
9188 1
9189 2
9190 0
9191 4
9192 3
9193 0
9194 2
9195 2
9196 1
9197 1
9198 0
9199 1
9200 4
9201 3
9202 3
9203 3
9204 3
9205 0
9206 1
9207 3
9208 1
9209 1
9210 3
9211 2
9212 0
9213 3
9214 1
9215 3
9216 4
9217 0
9218 3
9219 4
9220 1
9221 1
9222 4
9223 2
9224 4
9225 2
9226 4
9227 4
9228 0
9229 4
9230 3
9231 0
9232 3
9233 0
9234 4
9235 1
9236 0
9237 2
9238 2
9239 3
9240 2
9241 1
9242 1
9243 2
9244 0
9245 4
9246 0
9247 1
9248 4
9249 3
9250 1
9251 4
9252 0
9253 2
9254 1
9255 4
9256 0
9257 3
9258 4
9259 1
9260 4
9261 0
9262 4
9263 0
9264 2
9265 0
9266 2
9267 1
9268 3
9269 0
9270 0
9271 4
9272 2
9273 0
9274 2
9275 2
9276 3
9277 4
9278 2
9279 2
9280 1
9281 3
9282 2
9283 2
9284 4
9285 4
9286 2
9287 4
9288 0
9289 3
9290 2
9291 0
9292 4
9293 0
9294 0
9295 3
9296 3
9297 1
9298 0
9299 1
9300 0
9301 4
9302 0
9303 1
9304 2
9305 3
9306 1
9307 3
9308 4
9309 1
9310 2
9311 0
9312 1
9313 2
9314 1
9315 0
9316 2
9317 1
9318 2
9319 4
9320 3
9321 1
9322 0
9323 0
9324 0
9325 1
9326 2
9327 4
9328 4
9329 2
9330 4
9331 4
9332 4
9333 0
9334 4
9335 2
9336 4
9337 3
9338 3
9339 3
9340 0
9341 1
9342 1
9343 4
9344 4
9345 2
9346 3
9347 0
9348 1
9349 3
9350 3
9351 3
9352 3
9353 0
9354 2
9355 3
9356 0
9357 3
9358 4
9359 1
9360 1
9361 2
9362 4
9363 3
9364 2
9365 0
9366 1
9367 2
9368 3
9369 1
9370 2
9371 0
9372 3
9373 1
9374 1
9375 0
9376 2
9377 1
9378 3
9379 4
9380 2
9381 3
9382 3
9383 0
9384 3
9385 0
9386 1
9387 3
9388 0
9389 4
9390 2
9391 3
9392 1
9393 4
9394 4
9395 3
9396 2
9397 1
9398 4
9399 0
9400 4
9401 0
9402 4
9403 2
9404 3
9405 4
9406 3
9407 0
9408 1
9409 4
9410 3
9411 0
9412 0
9413 4
9414 2
9415 2
9416 4
9417 4
9418 3
9419 2
9420 4
9421 2
9422 1
9423 1
9424 2
9425 0
9426 0
9427 0
9428 0
9429 4
9430 1
9431 1
9432 1
9433 3
9434 1
9435 4
9436 4
9437 4
9438 1
9439 4
9440 0
9441 2
9442 0
9443 0
9444 1
9445 3
9446 0
9447 4
9448 0
9449 3
9450 4
9451 2
9452 4
9453 1
9454 0
9455 0
9456 0
9457 2
9458 4
9459 0
9460 3
9461 1
9462 1
9463 3
9464 4
9465 0
9466 2
9467 2
9468 2
9469 0
9470 2
9471 0
9472 0
9473 1
9474 2
9475 0
9476 2
9477 0
9478 1
9479 1
9480 0
9481 4
9482 3
9483 4
9484 2
9485 0
9486 0
9487 2
9488 4
9489 2
9490 4
9491 0
9492 3
9493 0
9494 4
9495 0
9496 3
9497 4
9498 3
9499 1
9500 2
9501 4
9502 1
9503 4
9504 2
9505 3
9506 4
9507 1
9508 0
9509 4
9510 3
9511 2
9512 1
9513 4
9514 2
9515 2
9516 0
9517 1
9518 2
9519 2
9520 0
9521 3
9522 2
9523 4
9524 0
9525 1
9526 3
9527 1
9528 0
9529 3
9530 2
9531 2
9532 0
9533 0
9534 3
9535 4
9536 2
9537 0
9538 2
9539 0
9540 4
9541 1
9542 2
9543 2
9544 2
9545 0
9546 2
9547 1
9548 0
9549 1
9550 0
9551 1
9552 2
9553 1
9554 3
9555 4
9556 3
9557 2
9558 1
9559 2
9560 3
9561 3
9562 1
9563 2
9564 4
9565 2
9566 0
9567 4
9568 0
9569 4
9570 3
9571 4
9572 4
9573 1
9574 1
9575 2
9576 2
9577 1
9578 1
9579 2
9580 3
9581 4
9582 2
9583 4
9584 3
9585 3
9586 2
9587 1
9588 2
9589 4
9590 3
9591 4
9592 2
9593 0
9594 0
9595 0
9596 3
9597 1
9598 1
9599 1
9600 4
9601 2
9602 2
9603 4
9604 0
9605 1
9606 1
9607 2
9608 0
9609 0
9610 2
9611 2
9612 2
9613 2
9614 3
9615 2
9616 0
9617 1
9618 1
9619 4
9620 3
9621 2
9622 1
9623 4
9624 0
9625 3
9626 2
9627 2
9628 3
9629 2
9630 1
9631 2
9632 0
9633 3
9634 3
9635 3
9636 0
9637 1
9638 3
9639 4
9640 0
9641 3
9642 4
9643 2
9644 1
9645 4
9646 2
9647 1
9648 4
9649 1
9650 0
9651 4
9652 2
9653 2
9654 0
9655 4
9656 3
9657 4
9658 3
9659 1
9660 2
9661 3
9662 2
9663 4
9664 2
9665 3
9666 4
9667 0
9668 3
9669 2
9670 2
9671 4
9672 3
9673 4
9674 3
9675 0
9676 3
9677 0
9678 1
9679 1
9680 0
9681 4
9682 3
9683 3
9684 1
9685 1
9686 2
9687 0
9688 1
9689 2
9690 1
9691 1
9692 1
9693 4
9694 3
9695 1
9696 1
9697 2
9698 0
9699 2
9700 1
9701 3
9702 3
9703 2
9704 0
9705 4
9706 1
9707 0
9708 2
9709 3
9710 4
9711 4
9712 2
9713 0
9714 4
9715 2
9716 0
9717 0
9718 0
9719 0
9720 0
9721 1
9722 0
9723 0
9724 2
9725 4
9726 0
9727 1
9728 0
9729 3
9730 0
9731 3
9732 2
9733 4
9734 0
9735 1
9736 3
9737 4
9738 1
9739 3
9740 3
9741 3
9742 2
9743 2
9744 0
9745 0
9746 4
9747 2
9748 2
9749 1
9750 3
9751 4
9752 0
9753 4
9754 4
9755 0
9756 2
9757 1
9758 3
9759 4
9760 2
9761 3
9762 1
9763 0
9764 2
9765 1
9766 3
9767 0
9768 0
9769 4
9770 0
9771 0
9772 2
9773 4
9774 2
9775 2
9776 2
9777 3
9778 3
9779 4
9780 1
9781 1
9782 4
9783 2
9784 0
9785 3
9786 3
9787 4
9788 1
9789 2
9790 3
9791 3
9792 0
9793 4
9794 3
9795 0
9796 0
9797 3
9798 0
9799 0
9800 0
9801 4
9802 2
9803 4
9804 3
9805 2
9806 1
9807 0
9808 2
9809 2
9810 3
9811 2
9812 1
9813 3
9814 0
9815 3
9816 0
9817 3
9818 2
9819 3
9820 1
9821 0
9822 4
9823 3
9824 3
9825 1
9826 0
9827 0
9828 1
9829 2
9830 2
9831 3
9832 4
9833 0
9834 2
9835 4
9836 3
9837 3
9838 1
9839 3
9840 3
9841 2
9842 0
9843 4
9844 4
9845 2
9846 0
9847 1
9848 3
9849 4
9850 3
9851 4
9852 3
9853 2
9854 1
9855 2
9856 0
9857 0
9858 2
9859 2
9860 3
9861 0
9862 4
9863 2
9864 1
9865 4
9866 0
9867 2
9868 0
9869 4
9870 1
9871 0
9872 4
9873 2
9874 1
9875 1
9876 0
9877 4
9878 2
9879 0
9880 4
9881 2
9882 3
9883 2
9884 2
9885 0
9886 0
9887 2
9888 2
9889 0
9890 0
9891 0
9892 1
9893 1
9894 2
9895 3
9896 3
9897 1
9898 0
9899 1
9900 3
9901 4
9902 0
9903 1
9904 2
9905 4
9906 0
9907 3
9908 2
9909 3
9910 4
9911 4
9912 3
9913 3
9914 4
9915 1
9916 1
9917 0
9918 2
9919 1
9920 2
9921 1
9922 3
9923 2
9924 4
9925 4
9926 1
9927 3
9928 3
9929 4
9930 2
9931 3
9932 1
9933 0
9934 3
9935 0
9936 0
9937 4
9938 0
9939 1
9940 2
9941 2
9942 3
9943 2
9944 2
9945 2
9946 3
9947 4
9948 4
9949 2
9950 3
9951 3
9952 0
9953 1
9954 1
9955 2
9956 0
9957 1
9958 4
9959 4
9960 2
9961 2
9962 4
9963 2
9964 4
9965 0
9966 1
9967 4
9968 0
9969 3
9970 3
9971 4
9972 4
9973 4
9974 4
9975 1
9976 0
9977 2
9978 1
9979 3
9980 1
9981 4
9982 4
9983 1
9984 3
9985 1
9986 3
9987 1
9988 1
9989 3
9990 1
9991 4
9992 2
9993 2
9994 2
9995 1
9996 0
9997 4
9998 1
9999 0
10000 0
10001 1
10002 4
10003 0
10004 1
10005 2
10006 0
10007 1
10008 0
10009 2
10010 4
10011 3
10012 3
10013 1
10014 4
10015 4
10016 2
10017 2
10018 4
10019 1
10020 3
10021 1
10022 3
10023 0
10024 3
10025 0
10026 2
10027 2
10028 1
10029 0
10030 0
10031 2
10032 2
10033 0
10034 0
10035 1
10036 1
10037 0
10038 0
10039 0
10040 0
10041 3
10042 0
10043 4
10044 0
10045 2
10046 4
10047 0
10048 2
10049 2
10050 2
10051 1
10052 2
10053 4
10054 0
10055 4
10056 3
10057 3
10058 2
10059 3
10060 1
10061 4
10062 2
10063 4
10064 3
10065 1
10066 4
10067 2
10068 1
10069 1
10070 4
10071 1
10072 3
10073 0
10074 3
10075 3
10076 0
10077 3
10078 1
10079 3
10080 4
10081 4
10082 0
10083 2
10084 1
10085 4
10086 4
10087 3
10088 4
10089 0
10090 2
10091 2
10092 0
10093 3
10094 3
10095 4
10096 4
10097 0
10098 0
10099 1
10100 4
10101 0
10102 1
10103 3
10104 1
10105 1
10106 0
10107 2
10108 1
10109 3
10110 1
10111 0
10112 3
10113 2
10114 4
10115 4
10116 4
10117 2
10118 1
10119 0
10120 3
10121 0
10122 2
10123 3
10124 3
10125 0
10126 3
10127 3
10128 3
10129 1
10130 4
10131 0
10132 2
10133 0
10134 3
10135 1
10136 2
10137 1
10138 4
10139 4
10140 0
10141 1
10142 1
10143 1
10144 4
10145 0
10146 2
10147 0
10148 4
10149 4
10150 0
10151 3
10152 2
10153 2
10154 4
10155 3
10156 2
10157 2
10158 0
10159 2
10160 4
10161 2
10162 1
10163 3
10164 4
10165 1
10166 1
10167 2
10168 3
10169 3
10170 4
10171 4
10172 3
10173 2
10174 1
10175 3
10176 4
10177 0
10178 1
10179 4
10180 2
10181 0
10182 2
10183 1
10184 0
10185 1
10186 2
10187 2
10188 4
10189 3
10190 1
10191 4
10192 2
10193 2
10194 3
10195 1
10196 0
10197 0
10198 2
10199 3
10200 2
10201 0
10202 1
10203 4
10204 4
10205 4
10206 2
10207 0
10208 4
10209 4
10210 1
10211 1
10212 0
10213 2
10214 0
10215 4
10216 1
10217 2
10218 1
10219 0
10220 3
10221 3
10222 3
10223 2
10224 3
10225 2
10226 3
10227 2
10228 4
10229 0
10230 3
10231 0
10232 0
10233 4
10234 4
10235 2
10236 4
10237 0
10238 0
10239 3
10240 0
10241 2
10242 4
10243 2
10244 0
10245 2
10246 4
10247 4
10248 4
10249 0
10250 2
10251 4
10252 1
10253 3
10254 0
10255 0
10256 3
10257 0
10258 1
10259 1
10260 2
10261 4
10262 0
10263 3
10264 2
10265 4
10266 3
10267 0
10268 3
10269 1
10270 2
10271 4
10272 3
10273 1
10274 1
10275 2
10276 1
10277 3
10278 1
10279 2
10280 1
10281 2
10282 2
10283 4
10284 4
10285 0
10286 1
10287 2
10288 2
10289 2
10290 2
10291 3
10292 0
10293 1
10294 1
10295 2
10296 1
10297 1
10298 3
10299 1
10300 3
10301 2
10302 4
10303 3
10304 4
10305 0
10306 0
10307 0
10308 2
10309 3
10310 3
10311 3
10312 2
10313 2
10314 2
10315 2
10316 3
10317 1
10318 0
10319 3
10320 3
10321 0
10322 2
10323 1
10324 2
10325 2
10326 1
10327 3
10328 2
10329 1
10330 3
10331 0
10332 1
10333 3
10334 0
10335 0
10336 2
10337 2
10338 2
10339 1
10340 1
10341 4
10342 1
10343 3
10344 3
10345 3
10346 2
10347 2
10348 0
10349 1
10350 2
10351 4
10352 2
10353 2
10354 1
10355 3
10356 1
10357 2
10358 3
10359 2
10360 2
10361 0
10362 4
10363 2
10364 4
10365 0
10366 1
10367 1
10368 0
10369 1
10370 4
10371 0
10372 1
10373 3
10374 2
10375 0
10376 2
10377 4
10378 4
10379 0
10380 0
10381 1
10382 1
10383 0
10384 3
10385 2
10386 1
10387 1
10388 1
10389 0
10390 3
10391 2
10392 2
10393 1
10394 1
10395 0
10396 2
10397 1
10398 0
10399 4
10400 3
10401 3
10402 1
10403 1
10404 0
10405 0
10406 4
10407 0
10408 0
10409 3
10410 4
10411 0
10412 2
10413 0
10414 3
10415 3
10416 0
10417 3
10418 1
10419 4
10420 0
10421 4
10422 2
10423 0
10424 4
10425 4
10426 2
10427 3
10428 0
10429 0
10430 4
10431 3
10432 4
10433 2
10434 1
10435 3
10436 4
10437 4
10438 2
10439 3
10440 3
10441 1
10442 4
10443 0
10444 4
10445 0
10446 2
10447 2
10448 0
10449 0
10450 2
10451 1
10452 1
10453 4
10454 4
10455 2
10456 1
10457 3
10458 0
10459 4
10460 3
10461 1
10462 0
10463 3
10464 1
10465 2
10466 4
10467 4
10468 0
10469 4
10470 2
10471 4
10472 4
10473 3
10474 2
10475 0
10476 3
10477 4
10478 2
10479 2
10480 2
10481 2
10482 1
10483 4
10484 4
10485 4
10486 4
10487 2
10488 4
10489 0
10490 0
10491 2
10492 0
10493 4
10494 3
10495 3
10496 3
10497 4
10498 1
10499 1
10500 0
10501 4
10502 0
10503 4
10504 0
10505 3
10506 0
10507 3
10508 4
10509 3
10510 2
10511 4
10512 3
10513 1
10514 0
10515 2
10516 0
10517 1
10518 0
10519 2
10520 2
10521 4
10522 4
10523 1
10524 0
10525 2
10526 2
10527 4
10528 1
10529 1
10530 4
10531 3
10532 4
10533 0
10534 2
10535 0
10536 0
10537 0
10538 4
10539 3
10540 0
10541 4
10542 2
10543 2
10544 2
10545 4
10546 4
10547 0
10548 2
10549 3
10550 0
10551 1
10552 1
10553 3
10554 4
10555 0
10556 3
10557 0
10558 4
10559 2
10560 2
10561 2
10562 1
10563 3
10564 0
10565 4
10566 4
10567 0
10568 4
10569 2
10570 4
10571 4
10572 2
10573 4
10574 2
10575 0
10576 3
10577 4
10578 0
10579 1
10580 4
10581 1
10582 4
10583 2
10584 3
10585 1
10586 4
10587 1
10588 0
10589 2
10590 2
10591 1
10592 3
10593 3
10594 3
10595 2
10596 4
10597 1
10598 1
10599 1
10600 2
10601 2
10602 3
10603 3
10604 3
10605 2
10606 1
10607 0
10608 3
10609 4
10610 0
10611 3
10612 0
10613 1
10614 2
10615 4
10616 0
10617 0
10618 3
10619 4
10620 1
10621 4
10622 2
10623 0
10624 2
10625 2
10626 0
10627 4
10628 0
10629 4
10630 0
10631 3
10632 1
10633 2
10634 1
10635 4
10636 3
10637 3
10638 0
10639 4
10640 4
10641 3
10642 4
10643 3
10644 1
10645 1
10646 2
10647 3
10648 3
10649 3
10650 0
10651 3
10652 3
10653 3
10654 4
10655 0
10656 1
10657 2
10658 0
10659 3
10660 1
10661 0
10662 1
10663 2
10664 3
10665 2
10666 2
10667 1
10668 1
10669 2
